#-----------------------------------------------------------
# Vivado v2024.2 (64-bit)
# SW Build 5239630 on Fri Nov 08 22:35:27 MST 2024
# IP Build 5239520 on Sun Nov 10 16:12:51 MST 2024
# SharedData Build 5239561 on Fri Nov 08 14:39:27 MST 2024
# Start of session at: Tue May  6 18:10:48 2025
# Process ID         : 6776
# Current directory  : C:/Users/91629/Desktop/mmu/project/project_5
# Command line       : vivado.exe -gui_launcher_event rodinguilauncherevent3444 C:\Users\91629\Desktop\mmu\project\project_5\project_5.xpr
# Log file           : C:/Users/91629/Desktop/mmu/project/project_5/vivado.log
# Journal file       : C:/Users/91629/Desktop/mmu/project/project_5\vivado.jou
# Running On         : wangzhangzhuo
# Platform           : Windows Server 2016 or Windows 10
# Operating System   : 22631
# Processor Detail   : AMD Ryzen 7 7840H w/Radeon 780M Graphics
# CPU Frequency      : 3793 MHz
# CPU Physical cores : 8
# CPU Logical cores  : 16
# Host memory        : 16334 MB
# Swap memory        : 7110 MB
# Total Virtual      : 23445 MB
# Available Virtual  : 4911 MB
#-----------------------------------------------------------
start_gui
open_project C:/Users/91629/Desktop/mmu/project/project_5/project_5.xpr
CRITICAL WARNING: [Project 1-19] Could not find the file 'C:/Users/legion/Desktop/mmu/mmu_with_doc/src/rtl/sv32.vh'.
CRITICAL WARNING: [Project 1-19] Could not find the file 'C:/Users/legion/Desktop/mmu/mmu_with_doc/src/rtl/sv32_table_walk.v'.
CRITICAL WARNING: [Project 1-19] Could not find the file 'C:/Users/legion/Desktop/mmu/mmu_with_doc/src/rtl/riscv_priv_csr_status.vh'.
CRITICAL WARNING: [Project 1-19] Could not find the file 'C:/Users/legion/Desktop/mmu/mmu_with_doc/src/rtl/sv32_translate_data_to_physical.v'.
CRITICAL WARNING: [Project 1-19] Could not find the file 'C:/Users/legion/Desktop/mmu/mmu_with_doc/src/rtl/sv32_translate_instruction_to_physical.v'.
CRITICAL WARNING: [Project 1-19] Could not find the file 'C:/Users/legion/Desktop/mmu/mmu_with_doc/src/rtl/tag_ram.v'.
CRITICAL WARNING: [Project 1-19] Could not find the file 'C:/Users/legion/Desktop/mmu/mmu_with_doc/src/rtl/sv32.v'.
CRITICAL WARNING: [Project 1-19] Could not find the file 'C:/Users/legion/Desktop/mmu/mmu_with_doc/init.coe'.
CRITICAL WARNING: [Project 1-19] Could not find the file 'C:/Users/legion/Desktop/mmu/mmu_with_doc/src/tb/sv32_test.v'.
Scanning sources...
Finished scanning sources
INFO: [IP_Flow 19-234] Refreshing IP repositories
INFO: [IP_Flow 19-1704] No user IP repositories specified
INFO: [IP_Flow 19-2313] Loaded Vivado IP repository 'D:/Xilinx/Vivado/2024.2/data/ip'.
update_compile_order -fileset sources_1
WARNING: [IP_Flow 19-4067] Ignoring invalid widget type specified checkbox.Providing a default widget
WARNING: [IP_Flow 19-4067] Ignoring invalid widget type specified checkbox.Providing a default widget
set_property SOURCE_SET sources_1 [get_filesets sim_1]
add_files -fileset sim_1 -norecurse {C:/Users/91629/Desktop/mmu/project/project_5/project_5.srcs/sources_1/imports/rtl/riscv_priv_csr_status.vh C:/Users/91629/Desktop/mmu/project/project_5/project_5.srcs/sources_1/imports/rtl/sv32.vh}
add_files -fileset sim_1 -norecurse {C:/Users/91629/Desktop/mmu/project/project_5/project_5.srcs/sources_1/imports/rtl/sv32_translate_instruction_to_physical.v C:/Users/91629/Desktop/mmu/project/project_5/project_5.srcs/sources_1/imports/rtl/sv32.v C:/Users/91629/Desktop/mmu/project/project_5/project_5.srcs/sources_1/imports/rtl/tag_ram.v C:/Users/91629/Desktop/mmu/project/project_5/project_5.srcs/sources_1/imports/rtl/sv32_table_walk.v C:/Users/91629/Desktop/mmu/project/project_5/project_5.srcs/sources_1/imports/rtl/sv32_translate_data_to_physical.v}
update_compile_order -fileset sim_1
update_compile_order -fileset sim_1
set_property SOURCE_SET sources_1 [get_filesets sim_1]
add_files -fileset sim_1 -norecurse C:/Users/91629/Desktop/mmu/project/project_5/project_5.srcs/sources_1/imports/tb/sv32_test.v
update_compile_order -fileset sim_1
update_compile_order -fileset sim_1
set_property SOURCE_SET sources_1 [get_filesets sim_1]
add_files -fileset sim_1 -norecurse C:/Users/91629/Desktop/mmu/project/project_5/project_5.srcs/sources_1/imports/rtl/sv32.v
WARNING: [filemgmt 56-12] File 'C:/Users/91629/Desktop/mmu/project/project_5/project_5.srcs/sources_1/imports/rtl/sv32.v' cannot be added to the project because it already exists in the project, skipping this file
WARNING: [filemgmt 20-1445] Cannot import file 'C:/Users/91629/Desktop/mmu/project/project_5/project_5.srcs/sources_1/imports/rtl/sv32.vh' on top of itself. Importing a file from the imported source directory can cause this problem.
WARNING: [filemgmt 20-1445] Cannot import file 'C:/Users/91629/Desktop/mmu/project/project_5/project_5.srcs/sources_1/imports/rtl/sv32_translate_data_to_physical.v' on top of itself. Importing a file from the imported source directory can cause this problem.
WARNING: [filemgmt 20-1445] Cannot import file 'C:/Users/91629/Desktop/mmu/project/project_5/project_5.srcs/sources_1/imports/rtl/sv32_table_walk.v' on top of itself. Importing a file from the imported source directory can cause this problem.
WARNING: [filemgmt 20-1445] Cannot import file 'C:/Users/91629/Desktop/mmu/project/project_5/project_5.srcs/sources_1/imports/rtl/tag_ram.v' on top of itself. Importing a file from the imported source directory can cause this problem.
WARNING: [filemgmt 20-1445] Cannot import file 'C:/Users/91629/Desktop/mmu/project/project_5/project_5.srcs/sources_1/imports/rtl/riscv_priv_csr_status.vh' on top of itself. Importing a file from the imported source directory can cause this problem.
WARNING: [filemgmt 20-1445] Cannot import file 'C:/Users/91629/Desktop/mmu/project/project_5/project_5.srcs/sources_1/imports/rtl/sv32.v' on top of itself. Importing a file from the imported source directory can cause this problem.
WARNING: [filemgmt 20-1445] Cannot import file 'C:/Users/91629/Desktop/mmu/project/project_5/project_5.srcs/sources_1/imports/rtl/sv32_translate_instruction_to_physical.v' on top of itself. Importing a file from the imported source directory can cause this problem.
add_files -norecurse {C:/Users/91629/Desktop/mmu/project/project_5/project_5.srcs/sources_1/imports/rtl/riscv_priv_csr_status.vh C:/Users/91629/Desktop/mmu/project/project_5/project_5.srcs/sources_1/imports/rtl/sv32.vh}
add_files -norecurse {C:/Users/91629/Desktop/mmu/project/project_5/project_5.srcs/sources_1/imports/rtl/sv32_translate_instruction_to_physical.v C:/Users/91629/Desktop/mmu/project/project_5/project_5.srcs/sources_1/imports/rtl/sv32.v C:/Users/91629/Desktop/mmu/project/project_5/project_5.srcs/sources_1/imports/rtl/tag_ram.v C:/Users/91629/Desktop/mmu/project/project_5/project_5.srcs/sources_1/imports/rtl/sv32_table_walk.v C:/Users/91629/Desktop/mmu/project/project_5/project_5.srcs/sources_1/imports/rtl/sv32_translate_data_to_physical.v}
update_compile_order -fileset sources_1
export_ip_user_files -of_objects  [get_files C:/Users/legion/Desktop/mmu/mmu_with_doc/src/rtl/sv32.v] -no_script -reset -force -quiet
remove_files  C:/Users/legion/Desktop/mmu/mmu_with_doc/src/rtl/sv32.v
remove_files  C:/Users/legion/Desktop/mmu/mmu_with_doc/src/rtl/sv32.v
WARNING: [Vivado 12-818] No files matched 'C:/Users/legion/Desktop/mmu/mmu_with_doc/src/rtl/sv32.v'
export_ip_user_files -of_objects  [get_files C:/Users/legion/Desktop/mmu/mmu_with_doc/src/rtl/sv32_table_walk.v] -no_script -reset -force -quiet
remove_files  C:/Users/legion/Desktop/mmu/mmu_with_doc/src/rtl/sv32_table_walk.v
export_ip_user_files -of_objects  [get_files C:/Users/legion/Desktop/mmu/mmu_with_doc/src/rtl/sv32_translate_data_to_physical.v] -no_script -reset -force -quiet
remove_files  C:/Users/legion/Desktop/mmu/mmu_with_doc/src/rtl/sv32_translate_data_to_physical.v
export_ip_user_files -of_objects  [get_files C:/Users/legion/Desktop/mmu/mmu_with_doc/src/rtl/sv32_translate_instruction_to_physical.v] -no_script -reset -force -quiet
remove_files  C:/Users/legion/Desktop/mmu/mmu_with_doc/src/rtl/sv32_translate_instruction_to_physical.v
export_ip_user_files -of_objects  [get_files C:/Users/legion/Desktop/mmu/mmu_with_doc/src/rtl/tag_ram.v] -no_script -reset -force -quiet
remove_files  C:/Users/legion/Desktop/mmu/mmu_with_doc/src/rtl/tag_ram.v
export_ip_user_files -of_objects  [get_files C:/Users/legion/Desktop/mmu/mmu_with_doc/src/rtl/riscv_priv_csr_status.vh] -no_script -reset -force -quiet
remove_files  C:/Users/legion/Desktop/mmu/mmu_with_doc/src/rtl/riscv_priv_csr_status.vh
export_ip_user_files -of_objects  [get_files C:/Users/legion/Desktop/mmu/mmu_with_doc/src/rtl/sv32.vh] -no_script -reset -force -quiet
remove_files  C:/Users/legion/Desktop/mmu/mmu_with_doc/src/rtl/sv32.vh
WARNING: [filemgmt 20-1445] Cannot import file 'C:/Users/91629/Desktop/mmu/project/project_5/project_5.srcs/sources_1/imports/rtl/sv32.vh' on top of itself. Importing a file from the imported source directory can cause this problem.
WARNING: [filemgmt 20-1445] Cannot import file 'C:/Users/91629/Desktop/mmu/project/project_5/project_5.srcs/sources_1/imports/rtl/sv32_translate_data_to_physical.v' on top of itself. Importing a file from the imported source directory can cause this problem.
WARNING: [filemgmt 20-1445] Cannot import file 'C:/Users/91629/Desktop/mmu/project/project_5/project_5.srcs/sources_1/imports/rtl/sv32_table_walk.v' on top of itself. Importing a file from the imported source directory can cause this problem.
WARNING: [filemgmt 20-1445] Cannot import file 'C:/Users/91629/Desktop/mmu/project/project_5/project_5.srcs/sources_1/imports/rtl/tag_ram.v' on top of itself. Importing a file from the imported source directory can cause this problem.
WARNING: [filemgmt 20-1445] Cannot import file 'C:/Users/91629/Desktop/mmu/project/project_5/project_5.srcs/sources_1/imports/rtl/riscv_priv_csr_status.vh' on top of itself. Importing a file from the imported source directory can cause this problem.
WARNING: [filemgmt 20-1445] Cannot import file 'C:/Users/91629/Desktop/mmu/project/project_5/project_5.srcs/sources_1/imports/rtl/sv32.v' on top of itself. Importing a file from the imported source directory can cause this problem.
WARNING: [filemgmt 20-1445] Cannot import file 'C:/Users/91629/Desktop/mmu/project/project_5/project_5.srcs/sources_1/imports/rtl/sv32_translate_instruction_to_physical.v' on top of itself. Importing a file from the imported source directory can cause this problem.
add_files -norecurse {C:/Users/91629/Desktop/mmu/project/project_5/project_5.srcs/sources_1/imports/rtl/riscv_priv_csr_status.vh C:/Users/91629/Desktop/mmu/project/project_5/project_5.srcs/sources_1/imports/rtl/sv32.vh}
WARNING: [filemgmt 56-12] File 'C:/Users/91629/Desktop/mmu/project/project_5/project_5.srcs/sources_1/imports/rtl/riscv_priv_csr_status.vh' cannot be added to the project because it already exists in the project, skipping this file
WARNING: [filemgmt 56-12] File 'C:/Users/91629/Desktop/mmu/project/project_5/project_5.srcs/sources_1/imports/rtl/sv32.vh' cannot be added to the project because it already exists in the project, skipping this file
add_files -norecurse {C:/Users/91629/Desktop/mmu/project/project_5/project_5.srcs/sources_1/imports/rtl/sv32_translate_instruction_to_physical.v C:/Users/91629/Desktop/mmu/project/project_5/project_5.srcs/sources_1/imports/rtl/sv32.v C:/Users/91629/Desktop/mmu/project/project_5/project_5.srcs/sources_1/imports/rtl/tag_ram.v C:/Users/91629/Desktop/mmu/project/project_5/project_5.srcs/sources_1/imports/rtl/sv32_table_walk.v C:/Users/91629/Desktop/mmu/project/project_5/project_5.srcs/sources_1/imports/rtl/sv32_translate_data_to_physical.v}
WARNING: [filemgmt 56-12] File 'C:/Users/91629/Desktop/mmu/project/project_5/project_5.srcs/sources_1/imports/rtl/sv32_translate_instruction_to_physical.v' cannot be added to the project because it already exists in the project, skipping this file
WARNING: [filemgmt 56-12] File 'C:/Users/91629/Desktop/mmu/project/project_5/project_5.srcs/sources_1/imports/rtl/sv32.v' cannot be added to the project because it already exists in the project, skipping this file
WARNING: [filemgmt 56-12] File 'C:/Users/91629/Desktop/mmu/project/project_5/project_5.srcs/sources_1/imports/rtl/tag_ram.v' cannot be added to the project because it already exists in the project, skipping this file
WARNING: [filemgmt 56-12] File 'C:/Users/91629/Desktop/mmu/project/project_5/project_5.srcs/sources_1/imports/rtl/sv32_table_walk.v' cannot be added to the project because it already exists in the project, skipping this file
WARNING: [filemgmt 56-12] File 'C:/Users/91629/Desktop/mmu/project/project_5/project_5.srcs/sources_1/imports/rtl/sv32_translate_data_to_physical.v' cannot be added to the project because it already exists in the project, skipping this file
set_property SOURCE_SET sources_1 [get_filesets sim_1]
add_files -fileset sim_1 -norecurse C:/Users/91629/Desktop/mmu/project/project_5/project_5.srcs/sources_1/imports/tb/sv32_test.v
WARNING: [filemgmt 56-12] File 'C:/Users/91629/Desktop/mmu/project/project_5/project_5.srcs/sources_1/imports/tb/sv32_test.v' cannot be added to the project because it already exists in the project, skipping this file
launch_simulation
Command: launch_simulation 
INFO: [Vivado 12-12493] Simulation top is 'sv32_test_new'
WARNING: [Vivado 12-13340] Unable to auto find GCC executables from simulator install path! (path not set)
INFO: [Vivado 12-5682] Launching behavioral simulation in 'C:/Users/91629/Desktop/mmu/project/project_5/project_5.sim/sim_1/behav/xsim'
INFO: [SIM-utils-51] Simulation object is 'sim_1'
INFO: [SIM-utils-72] Using boost library from 'D:/Xilinx/Vivado/2024.2/tps/boost_1_72_0'
INFO: [USF-XSim-7] Finding pre-compiled libraries...
INFO: [USF-XSim-11] File 'D:/Xilinx/Vivado/2024.2/data/xsim/xsim.ini' copied to run dir:'C:/Users/91629/Desktop/mmu/project/project_5/project_5.sim/sim_1/behav/xsim'
INFO: [SIM-utils-54] Inspecting design source files for 'sv32_test_new' in fileset 'sim_1'...
INFO: [SIM-utils-43] Exported 'C:/Users/91629/Desktop/mmu/project/project_5/project_5.sim/sim_1/behav/xsim/blk_mem_gen_0.mif'
WARNING: [SIM-utils-42] Failed to copy file 'C:/Users/91629/Desktop/mmu/project/project_5/project_5.ip_user_files/mem_init_files/init.coe' to 'C:/Users/91629/Desktop/mmu/project/project_5/project_5.sim/sim_1/behav/xsim' : error copying "C:/Users/91629/Desktop/mmu/project/project_5/project_5.ip_user_files/mem_init_files/init.coe": no such file or directory
INFO: [USF-XSim-97] Finding global include files...
INFO: [USF-XSim-98] Fetching design files from 'sim_1'...
INFO: [USF-XSim-2] XSim::Compile design
INFO: [USF-XSim-61] Executing 'COMPILE and ANALYZE' step in 'C:/Users/91629/Desktop/mmu/project/project_5/project_5.sim/sim_1/behav/xsim'
"xvlog --incr --relax -prj sv32_test_new_vlog.prj"
INFO: [VRFC 10-2263] Analyzing Verilog file "C:/Users/91629/Desktop/mmu/project/project_5/project_5.srcs/sources_1/imports/rtl/sv32.v" into library xil_defaultlib
INFO: [VRFC 10-311] analyzing module sv32
ERROR: [VRFC 10-3236] concurrent assignment to a non-net 'tlb_miss_count' is not permitted [C:/Users/91629/Desktop/mmu/project/project_5/project_5.srcs/sources_1/imports/rtl/sv32.v:136]
ERROR: [VRFC 10-8530] module 'sv32' is ignored due to previous errors [C:/Users/91629/Desktop/mmu/project/project_5/project_5.srcs/sources_1/imports/rtl/sv32.v:54]
INFO: [USF-XSim-69] 'compile' step finished in '3' seconds
INFO: [USF-XSim-99] Step results log file:'C:/Users/91629/Desktop/mmu/project/project_5/project_5.sim/sim_1/behav/xsim/xvlog.log'
ERROR: [USF-XSim-62] 'compile' step failed with error(s). Please check the Tcl console output or 'C:/Users/91629/Desktop/mmu/project/project_5/project_5.sim/sim_1/behav/xsim/xvlog.log' file for more information.
ERROR: [Vivado 12-4473] Detected error while running simulation. Please correct the issue and retry this operation.
ERROR: [Common 17-39] 'launch_simulation' failed due to earlier errors.
set_property SOURCE_SET sources_1 [get_filesets sim_1]
add_files -fileset sim_1 -norecurse C:/Users/91629/Desktop/mmu/project/project_5/project_5.srcs/sources_1/imports/tb/sv32_test.v
WARNING: [filemgmt 56-12] File 'C:/Users/91629/Desktop/mmu/project/project_5/project_5.srcs/sources_1/imports/tb/sv32_test.v' cannot be added to the project because it already exists in the project, skipping this file
export_ip_user_files -of_objects  [get_files C:/Users/legion/Desktop/mmu/mmu_with_doc/src/tb/sv32_test.v] -no_script -reset -force -quiet
remove_files  -fileset sim_1 C:/Users/legion/Desktop/mmu/mmu_with_doc/src/tb/sv32_test.v
launch_simulation
Command: launch_simulation 
INFO: [Vivado 12-12493] Simulation top is 'sv32_test_new'
WARNING: [Vivado 12-13340] Unable to auto find GCC executables from simulator install path! (path not set)
INFO: [Vivado 12-5682] Launching behavioral simulation in 'C:/Users/91629/Desktop/mmu/project/project_5/project_5.sim/sim_1/behav/xsim'
INFO: [SIM-utils-51] Simulation object is 'sim_1'
INFO: [SIM-utils-72] Using boost library from 'D:/Xilinx/Vivado/2024.2/tps/boost_1_72_0'
INFO: [USF-XSim-7] Finding pre-compiled libraries...
INFO: [USF-XSim-11] File 'D:/Xilinx/Vivado/2024.2/data/xsim/xsim.ini' copied to run dir:'C:/Users/91629/Desktop/mmu/project/project_5/project_5.sim/sim_1/behav/xsim'
INFO: [SIM-utils-54] Inspecting design source files for 'sv32_test_new' in fileset 'sim_1'...
INFO: [SIM-utils-43] Exported 'C:/Users/91629/Desktop/mmu/project/project_5/project_5.sim/sim_1/behav/xsim/blk_mem_gen_0.mif'
WARNING: [SIM-utils-42] Failed to copy file 'C:/Users/91629/Desktop/mmu/project/project_5/project_5.ip_user_files/mem_init_files/init.coe' to 'C:/Users/91629/Desktop/mmu/project/project_5/project_5.sim/sim_1/behav/xsim' : error copying "C:/Users/91629/Desktop/mmu/project/project_5/project_5.ip_user_files/mem_init_files/init.coe": no such file or directory
INFO: [USF-XSim-97] Finding global include files...
INFO: [USF-XSim-98] Fetching design files from 'sim_1'...
INFO: [USF-XSim-2] XSim::Compile design
INFO: [USF-XSim-61] Executing 'COMPILE and ANALYZE' step in 'C:/Users/91629/Desktop/mmu/project/project_5/project_5.sim/sim_1/behav/xsim'
"xvlog --incr --relax -prj sv32_test_new_vlog.prj"
INFO: [VRFC 10-2263] Analyzing Verilog file "C:/Users/91629/Desktop/mmu/project/project_5/project_5.srcs/sources_1/imports/rtl/sv32.v" into library xil_defaultlib
INFO: [VRFC 10-311] analyzing module sv32
ERROR: [VRFC 10-3236] concurrent assignment to a non-net 'tlb_miss_count' is not permitted [C:/Users/91629/Desktop/mmu/project/project_5/project_5.srcs/sources_1/imports/rtl/sv32.v:132]
ERROR: [VRFC 10-8530] module 'sv32' is ignored due to previous errors [C:/Users/91629/Desktop/mmu/project/project_5/project_5.srcs/sources_1/imports/rtl/sv32.v:54]
INFO: [USF-XSim-69] 'compile' step finished in '1' seconds
INFO: [USF-XSim-99] Step results log file:'C:/Users/91629/Desktop/mmu/project/project_5/project_5.sim/sim_1/behav/xsim/xvlog.log'
ERROR: [USF-XSim-62] 'compile' step failed with error(s). Please check the Tcl console output or 'C:/Users/91629/Desktop/mmu/project/project_5/project_5.sim/sim_1/behav/xsim/xvlog.log' file for more information.
ERROR: [Vivado 12-4473] Detected error while running simulation. Please correct the issue and retry this operation.
ERROR: [Common 17-39] 'launch_simulation' failed due to earlier errors.
launch_simulation
Command: launch_simulation 
INFO: [Vivado 12-12493] Simulation top is 'sv32_test_new'
WARNING: [Vivado 12-13340] Unable to auto find GCC executables from simulator install path! (path not set)
INFO: [Vivado 12-5682] Launching behavioral simulation in 'C:/Users/91629/Desktop/mmu/project/project_5/project_5.sim/sim_1/behav/xsim'
INFO: [SIM-utils-51] Simulation object is 'sim_1'
INFO: [SIM-utils-72] Using boost library from 'D:/Xilinx/Vivado/2024.2/tps/boost_1_72_0'
INFO: [USF-XSim-7] Finding pre-compiled libraries...
INFO: [USF-XSim-11] File 'D:/Xilinx/Vivado/2024.2/data/xsim/xsim.ini' copied to run dir:'C:/Users/91629/Desktop/mmu/project/project_5/project_5.sim/sim_1/behav/xsim'
INFO: [SIM-utils-54] Inspecting design source files for 'sv32_test_new' in fileset 'sim_1'...
INFO: [SIM-utils-43] Exported 'C:/Users/91629/Desktop/mmu/project/project_5/project_5.sim/sim_1/behav/xsim/blk_mem_gen_0.mif'
WARNING: [SIM-utils-42] Failed to copy file 'C:/Users/91629/Desktop/mmu/project/project_5/project_5.ip_user_files/mem_init_files/init.coe' to 'C:/Users/91629/Desktop/mmu/project/project_5/project_5.sim/sim_1/behav/xsim' : error copying "C:/Users/91629/Desktop/mmu/project/project_5/project_5.ip_user_files/mem_init_files/init.coe": no such file or directory
INFO: [USF-XSim-97] Finding global include files...
INFO: [USF-XSim-98] Fetching design files from 'sim_1'...
INFO: [USF-XSim-2] XSim::Compile design
INFO: [USF-XSim-61] Executing 'COMPILE and ANALYZE' step in 'C:/Users/91629/Desktop/mmu/project/project_5/project_5.sim/sim_1/behav/xsim'
"xvlog --incr --relax -prj sv32_test_new_vlog.prj"
INFO: [VRFC 10-2263] Analyzing Verilog file "C:/Users/91629/Desktop/mmu/project/project_5/project_5.srcs/sources_1/imports/rtl/sv32.v" into library xil_defaultlib
INFO: [VRFC 10-311] analyzing module sv32
ERROR: [VRFC 10-3236] concurrent assignment to a non-net 'tlb_miss_count' is not permitted [C:/Users/91629/Desktop/mmu/project/project_5/project_5.srcs/sources_1/imports/rtl/sv32.v:132]
ERROR: [VRFC 10-8530] module 'sv32' is ignored due to previous errors [C:/Users/91629/Desktop/mmu/project/project_5/project_5.srcs/sources_1/imports/rtl/sv32.v:54]
INFO: [USF-XSim-69] 'compile' step finished in '2' seconds
INFO: [USF-XSim-99] Step results log file:'C:/Users/91629/Desktop/mmu/project/project_5/project_5.sim/sim_1/behav/xsim/xvlog.log'
ERROR: [USF-XSim-62] 'compile' step failed with error(s). Please check the Tcl console output or 'C:/Users/91629/Desktop/mmu/project/project_5/project_5.sim/sim_1/behav/xsim/xvlog.log' file for more information.
ERROR: [Vivado 12-4473] Detected error while running simulation. Please correct the issue and retry this operation.
ERROR: [Common 17-39] 'launch_simulation' failed due to earlier errors.
launch_simulation
Command: launch_simulation 
INFO: [Vivado 12-12493] Simulation top is 'sv32_test_new'
WARNING: [Vivado 12-13340] Unable to auto find GCC executables from simulator install path! (path not set)
INFO: [Vivado 12-5682] Launching behavioral simulation in 'C:/Users/91629/Desktop/mmu/project/project_5/project_5.sim/sim_1/behav/xsim'
INFO: [SIM-utils-51] Simulation object is 'sim_1'
INFO: [SIM-utils-72] Using boost library from 'D:/Xilinx/Vivado/2024.2/tps/boost_1_72_0'
INFO: [USF-XSim-7] Finding pre-compiled libraries...
INFO: [USF-XSim-11] File 'D:/Xilinx/Vivado/2024.2/data/xsim/xsim.ini' copied to run dir:'C:/Users/91629/Desktop/mmu/project/project_5/project_5.sim/sim_1/behav/xsim'
INFO: [SIM-utils-54] Inspecting design source files for 'sv32_test_new' in fileset 'sim_1'...
INFO: [SIM-utils-43] Exported 'C:/Users/91629/Desktop/mmu/project/project_5/project_5.sim/sim_1/behav/xsim/blk_mem_gen_0.mif'
WARNING: [SIM-utils-42] Failed to copy file 'C:/Users/91629/Desktop/mmu/project/project_5/project_5.ip_user_files/mem_init_files/init.coe' to 'C:/Users/91629/Desktop/mmu/project/project_5/project_5.sim/sim_1/behav/xsim' : error copying "C:/Users/91629/Desktop/mmu/project/project_5/project_5.ip_user_files/mem_init_files/init.coe": no such file or directory
INFO: [USF-XSim-97] Finding global include files...
INFO: [USF-XSim-98] Fetching design files from 'sim_1'...
INFO: [USF-XSim-2] XSim::Compile design
INFO: [USF-XSim-61] Executing 'COMPILE and ANALYZE' step in 'C:/Users/91629/Desktop/mmu/project/project_5/project_5.sim/sim_1/behav/xsim'
"xvlog --incr --relax -prj sv32_test_new_vlog.prj"
INFO: [VRFC 10-2263] Analyzing Verilog file "C:/Users/91629/Desktop/mmu/project/project_5/project_5.srcs/sources_1/imports/rtl/sv32.v" into library xil_defaultlib
INFO: [VRFC 10-311] analyzing module sv32
INFO: [VRFC 10-2263] Analyzing Verilog file "C:/Users/91629/Desktop/mmu/project/project_5/project_5.srcs/sources_1/imports/rtl/sv32_table_walk.v" into library xil_defaultlib
INFO: [VRFC 10-311] analyzing module sv32_table_walk
WARNING: [VRFC 10-8374] loop variable declaration is not allowed in this mode of Verilog [C:/Users/91629/Desktop/mmu/project/project_5/project_5.srcs/sources_1/imports/rtl/sv32_table_walk.v:113]
INFO: [VRFC 10-2263] Analyzing Verilog file "C:/Users/91629/Desktop/mmu/project/project_5/project_5.srcs/sources_1/imports/rtl/sv32_translate_data_to_physical.v" into library xil_defaultlib
INFO: [VRFC 10-311] analyzing module sv32_translate_data_to_physical
INFO: [VRFC 10-2263] Analyzing Verilog file "C:/Users/91629/Desktop/mmu/project/project_5/project_5.srcs/sources_1/imports/rtl/sv32_translate_instruction_to_physical.v" into library xil_defaultlib
INFO: [VRFC 10-311] analyzing module sv32_translate_instruction_to_physical
ERROR: [VRFC 10-2989] 'internal_tlb_miss_count' is not declared [C:/Users/91629/Desktop/mmu/project/project_5/project_5.srcs/sources_1/imports/rtl/sv32_translate_instruction_to_physical.v:148]
ERROR: [VRFC 10-8530] module 'sv32_translate_instruction_to_physical' is ignored due to previous errors [C:/Users/91629/Desktop/mmu/project/project_5/project_5.srcs/sources_1/imports/rtl/sv32_translate_instruction_to_physical.v:23]
INFO: [USF-XSim-69] 'compile' step finished in '1' seconds
INFO: [USF-XSim-99] Step results log file:'C:/Users/91629/Desktop/mmu/project/project_5/project_5.sim/sim_1/behav/xsim/xvlog.log'
ERROR: [USF-XSim-62] 'compile' step failed with error(s). Please check the Tcl console output or 'C:/Users/91629/Desktop/mmu/project/project_5/project_5.sim/sim_1/behav/xsim/xvlog.log' file for more information.
ERROR: [Vivado 12-4473] Detected error while running simulation. Please correct the issue and retry this operation.
ERROR: [Common 17-39] 'launch_simulation' failed due to earlier errors.
launch_simulation
Command: launch_simulation 
INFO: [Vivado 12-12493] Simulation top is 'sv32_test_new'
WARNING: [Vivado 12-13340] Unable to auto find GCC executables from simulator install path! (path not set)
INFO: [Vivado 12-5682] Launching behavioral simulation in 'C:/Users/91629/Desktop/mmu/project/project_5/project_5.sim/sim_1/behav/xsim'
INFO: [SIM-utils-51] Simulation object is 'sim_1'
INFO: [SIM-utils-72] Using boost library from 'D:/Xilinx/Vivado/2024.2/tps/boost_1_72_0'
INFO: [USF-XSim-7] Finding pre-compiled libraries...
INFO: [USF-XSim-11] File 'D:/Xilinx/Vivado/2024.2/data/xsim/xsim.ini' copied to run dir:'C:/Users/91629/Desktop/mmu/project/project_5/project_5.sim/sim_1/behav/xsim'
INFO: [SIM-utils-54] Inspecting design source files for 'sv32_test_new' in fileset 'sim_1'...
INFO: [SIM-utils-43] Exported 'C:/Users/91629/Desktop/mmu/project/project_5/project_5.sim/sim_1/behav/xsim/blk_mem_gen_0.mif'
WARNING: [SIM-utils-42] Failed to copy file 'C:/Users/91629/Desktop/mmu/project/project_5/project_5.ip_user_files/mem_init_files/init.coe' to 'C:/Users/91629/Desktop/mmu/project/project_5/project_5.sim/sim_1/behav/xsim' : error copying "C:/Users/91629/Desktop/mmu/project/project_5/project_5.ip_user_files/mem_init_files/init.coe": no such file or directory
INFO: [USF-XSim-97] Finding global include files...
INFO: [USF-XSim-98] Fetching design files from 'sim_1'...
INFO: [USF-XSim-2] XSim::Compile design
INFO: [USF-XSim-61] Executing 'COMPILE and ANALYZE' step in 'C:/Users/91629/Desktop/mmu/project/project_5/project_5.sim/sim_1/behav/xsim'
"xvlog --incr --relax -prj sv32_test_new_vlog.prj"
INFO: [VRFC 10-2263] Analyzing Verilog file "C:/Users/91629/Desktop/mmu/project/project_5/project_5.srcs/sources_1/imports/rtl/sv32.v" into library xil_defaultlib
INFO: [VRFC 10-311] analyzing module sv32
INFO: [VRFC 10-2263] Analyzing Verilog file "C:/Users/91629/Desktop/mmu/project/project_5/project_5.srcs/sources_1/imports/rtl/sv32_table_walk.v" into library xil_defaultlib
INFO: [VRFC 10-311] analyzing module sv32_table_walk
WARNING: [VRFC 10-8374] loop variable declaration is not allowed in this mode of Verilog [C:/Users/91629/Desktop/mmu/project/project_5/project_5.srcs/sources_1/imports/rtl/sv32_table_walk.v:113]
INFO: [VRFC 10-2263] Analyzing Verilog file "C:/Users/91629/Desktop/mmu/project/project_5/project_5.srcs/sources_1/imports/rtl/sv32_translate_data_to_physical.v" into library xil_defaultlib
INFO: [VRFC 10-311] analyzing module sv32_translate_data_to_physical
INFO: [VRFC 10-2263] Analyzing Verilog file "C:/Users/91629/Desktop/mmu/project/project_5/project_5.srcs/sources_1/imports/rtl/sv32_translate_instruction_to_physical.v" into library xil_defaultlib
INFO: [VRFC 10-311] analyzing module sv32_translate_instruction_to_physical
INFO: [VRFC 10-2263] Analyzing Verilog file "C:/Users/91629/Desktop/mmu/project/project_5/project_5.srcs/sources_1/imports/rtl/tag_ram.v" into library xil_defaultlib
INFO: [VRFC 10-311] analyzing module tag_ram
INFO: [VRFC 10-2263] Analyzing Verilog file "C:/Users/91629/Desktop/mmu/project/project_5/project_5.srcs/sources_1/imports/tb/sv32_test.v" into library xil_defaultlib
INFO: [VRFC 10-311] analyzing module sv32_test_new
ERROR: [VRFC 10-9623] unexpected non-printable character with the hex value '0xd5' [C:/Users/91629/Desktop/mmu/project/project_5/project_5.srcs/sources_1/imports/tb/sv32_test.v:24]
ERROR: [VRFC 10-8885] declarations are not allowed in an unnamed block [C:/Users/91629/Desktop/mmu/project/project_5/project_5.srcs/sources_1/imports/tb/sv32_test.v:166]
ERROR: [VRFC 10-8530] module 'sv32_test_new' is ignored due to previous errors [C:/Users/91629/Desktop/mmu/project/project_5/project_5.srcs/sources_1/imports/tb/sv32_test.v:3]
INFO: [USF-XSim-69] 'compile' step finished in '2' seconds
INFO: [USF-XSim-99] Step results log file:'C:/Users/91629/Desktop/mmu/project/project_5/project_5.sim/sim_1/behav/xsim/xvlog.log'
ERROR: [USF-XSim-62] 'compile' step failed with error(s). Please check the Tcl console output or 'C:/Users/91629/Desktop/mmu/project/project_5/project_5.sim/sim_1/behav/xsim/xvlog.log' file for more information.
ERROR: [Vivado 12-4473] Detected error while running simulation. Please correct the issue and retry this operation.
ERROR: [Common 17-39] 'launch_simulation' failed due to earlier errors.
launch_simulation
Command: launch_simulation 
INFO: [Vivado 12-12493] Simulation top is 'sv32_test_new'
WARNING: [Vivado 12-13340] Unable to auto find GCC executables from simulator install path! (path not set)
INFO: [Vivado 12-5682] Launching behavioral simulation in 'C:/Users/91629/Desktop/mmu/project/project_5/project_5.sim/sim_1/behav/xsim'
INFO: [SIM-utils-51] Simulation object is 'sim_1'
INFO: [SIM-utils-72] Using boost library from 'D:/Xilinx/Vivado/2024.2/tps/boost_1_72_0'
INFO: [USF-XSim-7] Finding pre-compiled libraries...
INFO: [USF-XSim-11] File 'D:/Xilinx/Vivado/2024.2/data/xsim/xsim.ini' copied to run dir:'C:/Users/91629/Desktop/mmu/project/project_5/project_5.sim/sim_1/behav/xsim'
INFO: [SIM-utils-54] Inspecting design source files for 'sv32_test_new' in fileset 'sim_1'...
INFO: [SIM-utils-43] Exported 'C:/Users/91629/Desktop/mmu/project/project_5/project_5.sim/sim_1/behav/xsim/blk_mem_gen_0.mif'
WARNING: [SIM-utils-42] Failed to copy file 'C:/Users/91629/Desktop/mmu/project/project_5/project_5.ip_user_files/mem_init_files/init.coe' to 'C:/Users/91629/Desktop/mmu/project/project_5/project_5.sim/sim_1/behav/xsim' : error copying "C:/Users/91629/Desktop/mmu/project/project_5/project_5.ip_user_files/mem_init_files/init.coe": no such file or directory
INFO: [USF-XSim-97] Finding global include files...
INFO: [USF-XSim-98] Fetching design files from 'sim_1'...
INFO: [USF-XSim-2] XSim::Compile design
INFO: [USF-XSim-61] Executing 'COMPILE and ANALYZE' step in 'C:/Users/91629/Desktop/mmu/project/project_5/project_5.sim/sim_1/behav/xsim'
"xvlog --incr --relax -prj sv32_test_new_vlog.prj"
INFO: [VRFC 10-2263] Analyzing Verilog file "C:/Users/91629/Desktop/mmu/project/project_5/project_5.srcs/sources_1/imports/rtl/sv32.v" into library xil_defaultlib
INFO: [VRFC 10-311] analyzing module sv32
INFO: [VRFC 10-2263] Analyzing Verilog file "C:/Users/91629/Desktop/mmu/project/project_5/project_5.srcs/sources_1/imports/rtl/sv32_table_walk.v" into library xil_defaultlib
INFO: [VRFC 10-311] analyzing module sv32_table_walk
WARNING: [VRFC 10-8374] loop variable declaration is not allowed in this mode of Verilog [C:/Users/91629/Desktop/mmu/project/project_5/project_5.srcs/sources_1/imports/rtl/sv32_table_walk.v:113]
INFO: [VRFC 10-2263] Analyzing Verilog file "C:/Users/91629/Desktop/mmu/project/project_5/project_5.srcs/sources_1/imports/rtl/sv32_translate_data_to_physical.v" into library xil_defaultlib
INFO: [VRFC 10-311] analyzing module sv32_translate_data_to_physical
INFO: [VRFC 10-2263] Analyzing Verilog file "C:/Users/91629/Desktop/mmu/project/project_5/project_5.srcs/sources_1/imports/rtl/sv32_translate_instruction_to_physical.v" into library xil_defaultlib
INFO: [VRFC 10-311] analyzing module sv32_translate_instruction_to_physical
INFO: [VRFC 10-2263] Analyzing Verilog file "C:/Users/91629/Desktop/mmu/project/project_5/project_5.srcs/sources_1/imports/rtl/tag_ram.v" into library xil_defaultlib
INFO: [VRFC 10-311] analyzing module tag_ram
INFO: [VRFC 10-2263] Analyzing Verilog file "C:/Users/91629/Desktop/mmu/project/project_5/project_5.srcs/sources_1/imports/tb/sv32_test.v" into library xil_defaultlib
INFO: [VRFC 10-311] analyzing module sv32_test_new
ERROR: [VRFC 10-8885] declarations are not allowed in an unnamed block [C:/Users/91629/Desktop/mmu/project/project_5/project_5.srcs/sources_1/imports/tb/sv32_test.v:166]
ERROR: [VRFC 10-8530] module 'sv32_test_new' is ignored due to previous errors [C:/Users/91629/Desktop/mmu/project/project_5/project_5.srcs/sources_1/imports/tb/sv32_test.v:3]
INFO: [USF-XSim-69] 'compile' step finished in '2' seconds
INFO: [USF-XSim-99] Step results log file:'C:/Users/91629/Desktop/mmu/project/project_5/project_5.sim/sim_1/behav/xsim/xvlog.log'
ERROR: [USF-XSim-62] 'compile' step failed with error(s). Please check the Tcl console output or 'C:/Users/91629/Desktop/mmu/project/project_5/project_5.sim/sim_1/behav/xsim/xvlog.log' file for more information.
ERROR: [Vivado 12-4473] Detected error while running simulation. Please correct the issue and retry this operation.
ERROR: [Common 17-39] 'launch_simulation' failed due to earlier errors.
launch_simulation
Command: launch_simulation 
INFO: [Vivado 12-12493] Simulation top is 'sv32_test_new'
WARNING: [Vivado 12-13340] Unable to auto find GCC executables from simulator install path! (path not set)
INFO: [Vivado 12-5682] Launching behavioral simulation in 'C:/Users/91629/Desktop/mmu/project/project_5/project_5.sim/sim_1/behav/xsim'
INFO: [SIM-utils-51] Simulation object is 'sim_1'
INFO: [SIM-utils-72] Using boost library from 'D:/Xilinx/Vivado/2024.2/tps/boost_1_72_0'
INFO: [USF-XSim-7] Finding pre-compiled libraries...
INFO: [USF-XSim-11] File 'D:/Xilinx/Vivado/2024.2/data/xsim/xsim.ini' copied to run dir:'C:/Users/91629/Desktop/mmu/project/project_5/project_5.sim/sim_1/behav/xsim'
INFO: [SIM-utils-54] Inspecting design source files for 'sv32_test_new' in fileset 'sim_1'...
INFO: [SIM-utils-43] Exported 'C:/Users/91629/Desktop/mmu/project/project_5/project_5.sim/sim_1/behav/xsim/blk_mem_gen_0.mif'
WARNING: [SIM-utils-42] Failed to copy file 'C:/Users/91629/Desktop/mmu/project/project_5/project_5.ip_user_files/mem_init_files/init.coe' to 'C:/Users/91629/Desktop/mmu/project/project_5/project_5.sim/sim_1/behav/xsim' : error copying "C:/Users/91629/Desktop/mmu/project/project_5/project_5.ip_user_files/mem_init_files/init.coe": no such file or directory
INFO: [USF-XSim-97] Finding global include files...
INFO: [USF-XSim-98] Fetching design files from 'sim_1'...
INFO: [USF-XSim-2] XSim::Compile design
INFO: [USF-XSim-61] Executing 'COMPILE and ANALYZE' step in 'C:/Users/91629/Desktop/mmu/project/project_5/project_5.sim/sim_1/behav/xsim'
"xvlog --incr --relax -prj sv32_test_new_vlog.prj"
INFO: [VRFC 10-2263] Analyzing Verilog file "C:/Users/91629/Desktop/mmu/project/project_5/project_5.srcs/sources_1/imports/rtl/sv32.v" into library xil_defaultlib
INFO: [VRFC 10-311] analyzing module sv32
INFO: [VRFC 10-2263] Analyzing Verilog file "C:/Users/91629/Desktop/mmu/project/project_5/project_5.srcs/sources_1/imports/rtl/sv32_table_walk.v" into library xil_defaultlib
INFO: [VRFC 10-311] analyzing module sv32_table_walk
WARNING: [VRFC 10-8374] loop variable declaration is not allowed in this mode of Verilog [C:/Users/91629/Desktop/mmu/project/project_5/project_5.srcs/sources_1/imports/rtl/sv32_table_walk.v:113]
INFO: [VRFC 10-2263] Analyzing Verilog file "C:/Users/91629/Desktop/mmu/project/project_5/project_5.srcs/sources_1/imports/rtl/sv32_translate_data_to_physical.v" into library xil_defaultlib
INFO: [VRFC 10-311] analyzing module sv32_translate_data_to_physical
INFO: [VRFC 10-2263] Analyzing Verilog file "C:/Users/91629/Desktop/mmu/project/project_5/project_5.srcs/sources_1/imports/rtl/sv32_translate_instruction_to_physical.v" into library xil_defaultlib
INFO: [VRFC 10-311] analyzing module sv32_translate_instruction_to_physical
INFO: [VRFC 10-2263] Analyzing Verilog file "C:/Users/91629/Desktop/mmu/project/project_5/project_5.srcs/sources_1/imports/rtl/tag_ram.v" into library xil_defaultlib
INFO: [VRFC 10-311] analyzing module tag_ram
INFO: [VRFC 10-2263] Analyzing Verilog file "C:/Users/91629/Desktop/mmu/project/project_5/project_5.srcs/sources_1/imports/tb/sv32_test.v" into library xil_defaultlib
INFO: [VRFC 10-311] analyzing module sv32_test_new
ERROR: [VRFC 10-8885] declarations are not allowed in an unnamed block [C:/Users/91629/Desktop/mmu/project/project_5/project_5.srcs/sources_1/imports/tb/sv32_test.v:166]
ERROR: [VRFC 10-8530] module 'sv32_test_new' is ignored due to previous errors [C:/Users/91629/Desktop/mmu/project/project_5/project_5.srcs/sources_1/imports/tb/sv32_test.v:3]
INFO: [USF-XSim-69] 'compile' step finished in '2' seconds
INFO: [USF-XSim-99] Step results log file:'C:/Users/91629/Desktop/mmu/project/project_5/project_5.sim/sim_1/behav/xsim/xvlog.log'
ERROR: [USF-XSim-62] 'compile' step failed with error(s). Please check the Tcl console output or 'C:/Users/91629/Desktop/mmu/project/project_5/project_5.sim/sim_1/behav/xsim/xvlog.log' file for more information.
ERROR: [Vivado 12-4473] Detected error while running simulation. Please correct the issue and retry this operation.
ERROR: [Common 17-39] 'launch_simulation' failed due to earlier errors.
update_compile_order -fileset sim_1
update_compile_order -fileset sim_1
launch_simulation
Command: launch_simulation 
INFO: [Vivado 12-12493] Simulation top is 'sv32_test'
WARNING: [Vivado 12-13340] Unable to auto find GCC executables from simulator install path! (path not set)
INFO: [Vivado 12-5682] Launching behavioral simulation in 'C:/Users/91629/Desktop/mmu/project/project_5/project_5.sim/sim_1/behav/xsim'
INFO: [SIM-utils-51] Simulation object is 'sim_1'
INFO: [SIM-utils-72] Using boost library from 'D:/Xilinx/Vivado/2024.2/tps/boost_1_72_0'
INFO: [USF-XSim-7] Finding pre-compiled libraries...
INFO: [USF-XSim-11] File 'D:/Xilinx/Vivado/2024.2/data/xsim/xsim.ini' copied to run dir:'C:/Users/91629/Desktop/mmu/project/project_5/project_5.sim/sim_1/behav/xsim'
INFO: [SIM-utils-54] Inspecting design source files for 'sv32_test' in fileset 'sim_1'...
INFO: [SIM-utils-43] Exported 'C:/Users/91629/Desktop/mmu/project/project_5/project_5.sim/sim_1/behav/xsim/blk_mem_gen_0.mif'
WARNING: [SIM-utils-42] Failed to copy file 'C:/Users/91629/Desktop/mmu/project/project_5/project_5.ip_user_files/mem_init_files/init.coe' to 'C:/Users/91629/Desktop/mmu/project/project_5/project_5.sim/sim_1/behav/xsim' : error copying "C:/Users/91629/Desktop/mmu/project/project_5/project_5.ip_user_files/mem_init_files/init.coe": no such file or directory
INFO: [USF-XSim-97] Finding global include files...
INFO: [USF-XSim-98] Fetching design files from 'sim_1'...
INFO: [USF-XSim-2] XSim::Compile design
INFO: [USF-XSim-61] Executing 'COMPILE and ANALYZE' step in 'C:/Users/91629/Desktop/mmu/project/project_5/project_5.sim/sim_1/behav/xsim'
"xvlog --incr --relax -prj sv32_test_vlog.prj"
INFO: [VRFC 10-2263] Analyzing Verilog file "C:/Users/91629/Desktop/mmu/project/project_5/project_5.srcs/sources_1/imports/rtl/sv32.v" into library xil_defaultlib
INFO: [VRFC 10-311] analyzing module sv32
INFO: [VRFC 10-2263] Analyzing Verilog file "C:/Users/91629/Desktop/mmu/project/project_5/project_5.srcs/sources_1/imports/rtl/sv32_table_walk.v" into library xil_defaultlib
INFO: [VRFC 10-311] analyzing module sv32_table_walk
WARNING: [VRFC 10-8374] loop variable declaration is not allowed in this mode of Verilog [C:/Users/91629/Desktop/mmu/project/project_5/project_5.srcs/sources_1/imports/rtl/sv32_table_walk.v:113]
INFO: [VRFC 10-2263] Analyzing Verilog file "C:/Users/91629/Desktop/mmu/project/project_5/project_5.srcs/sources_1/imports/rtl/sv32_translate_data_to_physical.v" into library xil_defaultlib
INFO: [VRFC 10-311] analyzing module sv32_translate_data_to_physical
INFO: [VRFC 10-2263] Analyzing Verilog file "C:/Users/91629/Desktop/mmu/project/project_5/project_5.srcs/sources_1/imports/rtl/sv32_translate_instruction_to_physical.v" into library xil_defaultlib
INFO: [VRFC 10-311] analyzing module sv32_translate_instruction_to_physical
INFO: [VRFC 10-2263] Analyzing Verilog file "C:/Users/91629/Desktop/mmu/project/project_5/project_5.srcs/sources_1/imports/rtl/tag_ram.v" into library xil_defaultlib
INFO: [VRFC 10-311] analyzing module tag_ram
INFO: [VRFC 10-2263] Analyzing Verilog file "C:/Users/91629/Desktop/mmu/project/project_5/project_5.srcs/sources_1/imports/tb/sv32_test.v" into library xil_defaultlib
INFO: [VRFC 10-311] analyzing module sv32_test
INFO: [VRFC 10-2263] Analyzing Verilog file "C:/Users/91629/Desktop/mmu/project/project_5/project_5.sim/sim_1/behav/xsim/glbl.v" into library xil_defaultlib
INFO: [VRFC 10-311] analyzing module glbl
INFO: [USF-XSim-69] 'compile' step finished in '2' seconds
INFO: [USF-XSim-3] XSim::Elaborate design
INFO: [USF-XSim-61] Executing 'ELABORATE' step in 'C:/Users/91629/Desktop/mmu/project/project_5/project_5.sim/sim_1/behav/xsim'
"xelab --incr --debug typical --relax --mt 2 -L xil_defaultlib -L unisims_ver -L unimacro_ver -L secureip -L xpm --snapshot sv32_test_behav xil_defaultlib.sv32_test xil_defaultlib.glbl -log elaborate.log"
Vivado Simulator v2024.2.0
Copyright 1986-2022 Xilinx, Inc. All Rights Reserved.
Copyright 2022-2024 Advanced Micro Devices, Inc. All Rights Reserved.
Running: D:/Xilinx/Vivado/2024.2/bin/unwrapped/win64.o/xelab.exe --incr --debug typical --relax --mt 2 -L xil_defaultlib -L unisims_ver -L unimacro_ver -L secureip -L xpm --snapshot sv32_test_behav xil_defaultlib.sv32_test xil_defaultlib.glbl -log elaborate.log 
Using 2 slave threads.
Starting static elaboration
Pass Through NonSizing Optimizer
Completed static elaboration
Starting simulation data flow analysis
WARNING: [XSIM 43-4099] "C:/Users/91629/Desktop/mmu/project/project_5/project_5.srcs/sources_1/imports/rtl/sv32.v" Line 54. Module sv32_default doesn't have a timescale but at least one module in design has a timescale.
WARNING: [XSIM 43-4099] "C:/Users/91629/Desktop/mmu/project/project_5/project_5.srcs/sources_1/imports/rtl/sv32_table_walk.v" Line 22. Module sv32_table_walk_default doesn't have a timescale but at least one module in design has a timescale.
WARNING: [XSIM 43-4099] "C:/Users/91629/Desktop/mmu/project/project_5/project_5.srcs/sources_1/imports/rtl/tag_ram.v" Line 1. Module tag_ram_default doesn't have a timescale but at least one module in design has a timescale.
WARNING: [XSIM 43-4099] "C:/Users/91629/Desktop/mmu/project/project_5/project_5.srcs/sources_1/imports/rtl/tag_ram.v" Line 1. Module tag_ram_default doesn't have a timescale but at least one module in design has a timescale.
WARNING: [XSIM 43-4099] "C:/Users/91629/Desktop/mmu/project/project_5/project_5.srcs/sources_1/imports/rtl/sv32_translate_instruction_to_physical.v" Line 23. Module sv32_translate_instruction_to_physical_default doesn't have a timescale but at least one module in design has a timescale.
WARNING: [XSIM 43-4099] "C:/Users/91629/Desktop/mmu/project/project_5/project_5.srcs/sources_1/imports/rtl/sv32_translate_data_to_physical.v" Line 23. Module sv32_translate_data_to_physical_default doesn't have a timescale but at least one module in design has a timescale.
WARNING: [XSIM 43-4099] "C:/Users/91629/Desktop/mmu/project/project_5/project_5.srcs/sources_1/imports/rtl/sv32.v" Line 54. Module sv32_default doesn't have a timescale but at least one module in design has a timescale.
WARNING: [XSIM 43-4099] "C:/Users/91629/Desktop/mmu/project/project_5/project_5.srcs/sources_1/imports/rtl/sv32_table_walk.v" Line 22. Module sv32_table_walk_default doesn't have a timescale but at least one module in design has a timescale.
WARNING: [XSIM 43-4099] "C:/Users/91629/Desktop/mmu/project/project_5/project_5.srcs/sources_1/imports/rtl/tag_ram.v" Line 1. Module tag_ram_default doesn't have a timescale but at least one module in design has a timescale.
WARNING: [XSIM 43-4099] "C:/Users/91629/Desktop/mmu/project/project_5/project_5.srcs/sources_1/imports/rtl/tag_ram.v" Line 1. Module tag_ram_default doesn't have a timescale but at least one module in design has a timescale.
WARNING: [XSIM 43-4099] "C:/Users/91629/Desktop/mmu/project/project_5/project_5.srcs/sources_1/imports/rtl/sv32_translate_instruction_to_physical.v" Line 23. Module sv32_translate_instruction_to_physical_default doesn't have a timescale but at least one module in design has a timescale.
WARNING: [XSIM 43-4099] "C:/Users/91629/Desktop/mmu/project/project_5/project_5.srcs/sources_1/imports/rtl/sv32_translate_data_to_physical.v" Line 23. Module sv32_translate_data_to_physical_default doesn't have a timescale but at least one module in design has a timescale.
Completed simulation data flow analysis
Time Resolution for simulation is 1ps
Compiling module xil_defaultlib.tag_ram_default
Compiling module xil_defaultlib.sv32_table_walk_default
Compiling module xil_defaultlib.sv32_translate_instruction_to_ph...
Compiling module xil_defaultlib.sv32_translate_data_to_physical_...
Compiling module xil_defaultlib.sv32_default
Compiling module xil_defaultlib.sv32_test
Compiling module xil_defaultlib.glbl
Built simulation snapshot sv32_test_behav
run_program: Time (s): cpu = 00:00:00 ; elapsed = 00:00:05 . Memory (MB): peak = 1258.156 ; gain = 0.000
INFO: [USF-XSim-69] 'elaborate' step finished in '5' seconds
INFO: [USF-XSim-4] XSim::Simulate design
INFO: [USF-XSim-61] Executing 'SIMULATE' step in 'C:/Users/91629/Desktop/mmu/project/project_5/project_5.sim/sim_1/behav/xsim'
INFO: [USF-XSim-98] *** Running xsim
   with args "sv32_test_behav -key {Behavioral:sim_1:Functional:sv32_test} -tclbatch {sv32_test.tcl} -log {simulate.log}"
INFO: [USF-XSim-8] Loading simulator feature
Time resolution is 1 ps
source sv32_test.tcl
# set curr_wave [current_wave_config]
# if { [string length $curr_wave] == 0 } {
#   if { [llength [get_objects]] > 0} {
#     add_wave /
#     set_property needs_save false [current_wave_config]
#   } else {
#      send_msg_id Add_Wave-1 WARNING "No top level signals found. Simulator will start without a wave window. If you want to open a wave window go to 'File->New Waveform Configuration' or type 'create_wave_config' in the TCL console."
#   }
# }
WARNING: [Wavedata 42-489] Can't add object "/sv32_test/mem" to the wave window because it has 2097152 bits, which exceeds the display limit of 65536 bits.  To change the display limit, use the command "set_property display_limit <new limit> [current_wave_config]".
# run 1000ns
[初始化] 页表基地址=0x00001000, satp=0x80000001
INFO: [USF-XSim-96] XSim completed. Design snapshot 'sv32_test_behav' loaded.
INFO: [USF-XSim-97] XSim simulation ran for 1000ns
launch_simulation: Time (s): cpu = 00:00:01 ; elapsed = 00:00:10 . Memory (MB): peak = 1300.516 ; gain = 42.359
close_sim
INFO: [Simtcl 6-16] Simulation closed
launch_simulation
Command: launch_simulation 
INFO: [Vivado 12-12493] Simulation top is 'sv32_test'
WARNING: [Vivado 12-13340] Unable to auto find GCC executables from simulator install path! (path not set)
INFO: [Vivado 12-5682] Launching behavioral simulation in 'C:/Users/91629/Desktop/mmu/project/project_5/project_5.sim/sim_1/behav/xsim'
INFO: [SIM-utils-51] Simulation object is 'sim_1'
INFO: [SIM-utils-72] Using boost library from 'D:/Xilinx/Vivado/2024.2/tps/boost_1_72_0'
INFO: [USF-XSim-7] Finding pre-compiled libraries...
INFO: [USF-XSim-11] File 'D:/Xilinx/Vivado/2024.2/data/xsim/xsim.ini' copied to run dir:'C:/Users/91629/Desktop/mmu/project/project_5/project_5.sim/sim_1/behav/xsim'
INFO: [SIM-utils-54] Inspecting design source files for 'sv32_test' in fileset 'sim_1'...
INFO: [SIM-utils-43] Exported 'C:/Users/91629/Desktop/mmu/project/project_5/project_5.sim/sim_1/behav/xsim/blk_mem_gen_0.mif'
WARNING: [SIM-utils-42] Failed to copy file 'C:/Users/91629/Desktop/mmu/project/project_5/project_5.ip_user_files/mem_init_files/init.coe' to 'C:/Users/91629/Desktop/mmu/project/project_5/project_5.sim/sim_1/behav/xsim' : error copying "C:/Users/91629/Desktop/mmu/project/project_5/project_5.ip_user_files/mem_init_files/init.coe": no such file or directory
INFO: [USF-XSim-97] Finding global include files...
INFO: [USF-XSim-98] Fetching design files from 'sim_1'...
INFO: [USF-XSim-2] XSim::Compile design
INFO: [USF-XSim-61] Executing 'COMPILE and ANALYZE' step in 'C:/Users/91629/Desktop/mmu/project/project_5/project_5.sim/sim_1/behav/xsim'
"xvlog --incr --relax -prj sv32_test_vlog.prj"
INFO: [VRFC 10-2263] Analyzing Verilog file "C:/Users/91629/Desktop/mmu/project/project_5/project_5.srcs/sources_1/imports/rtl/sv32.v" into library xil_defaultlib
INFO: [VRFC 10-311] analyzing module sv32
INFO: [VRFC 10-2263] Analyzing Verilog file "C:/Users/91629/Desktop/mmu/project/project_5/project_5.srcs/sources_1/imports/rtl/sv32_table_walk.v" into library xil_defaultlib
INFO: [VRFC 10-311] analyzing module sv32_table_walk
WARNING: [VRFC 10-8374] loop variable declaration is not allowed in this mode of Verilog [C:/Users/91629/Desktop/mmu/project/project_5/project_5.srcs/sources_1/imports/rtl/sv32_table_walk.v:113]
INFO: [VRFC 10-2263] Analyzing Verilog file "C:/Users/91629/Desktop/mmu/project/project_5/project_5.srcs/sources_1/imports/rtl/sv32_translate_data_to_physical.v" into library xil_defaultlib
INFO: [VRFC 10-311] analyzing module sv32_translate_data_to_physical
INFO: [VRFC 10-2263] Analyzing Verilog file "C:/Users/91629/Desktop/mmu/project/project_5/project_5.srcs/sources_1/imports/rtl/sv32_translate_instruction_to_physical.v" into library xil_defaultlib
INFO: [VRFC 10-311] analyzing module sv32_translate_instruction_to_physical
INFO: [VRFC 10-2263] Analyzing Verilog file "C:/Users/91629/Desktop/mmu/project/project_5/project_5.srcs/sources_1/imports/rtl/tag_ram.v" into library xil_defaultlib
INFO: [VRFC 10-311] analyzing module tag_ram
INFO: [VRFC 10-2263] Analyzing Verilog file "C:/Users/91629/Desktop/mmu/project/project_5/project_5.srcs/sources_1/imports/tb/sv32_test.v" into library xil_defaultlib
INFO: [VRFC 10-311] analyzing module sv32_test
INFO: [USF-XSim-69] 'compile' step finished in '2' seconds
INFO: [USF-XSim-3] XSim::Elaborate design
INFO: [USF-XSim-61] Executing 'ELABORATE' step in 'C:/Users/91629/Desktop/mmu/project/project_5/project_5.sim/sim_1/behav/xsim'
"xelab --incr --debug typical --relax --mt 2 -L xil_defaultlib -L unisims_ver -L unimacro_ver -L secureip -L xpm --snapshot sv32_test_behav xil_defaultlib.sv32_test xil_defaultlib.glbl -log elaborate.log"
Vivado Simulator v2024.2.0
Copyright 1986-2022 Xilinx, Inc. All Rights Reserved.
Copyright 2022-2024 Advanced Micro Devices, Inc. All Rights Reserved.
Running: D:/Xilinx/Vivado/2024.2/bin/unwrapped/win64.o/xelab.exe --incr --debug typical --relax --mt 2 -L xil_defaultlib -L unisims_ver -L unimacro_ver -L secureip -L xpm --snapshot sv32_test_behav xil_defaultlib.sv32_test xil_defaultlib.glbl -log elaborate.log 
Using 2 slave threads.
Starting static elaboration
Pass Through NonSizing Optimizer
Completed static elaboration
Starting simulation data flow analysis
WARNING: [XSIM 43-4099] "C:/Users/91629/Desktop/mmu/project/project_5/project_5.srcs/sources_1/imports/rtl/sv32.v" Line 54. Module sv32_default doesn't have a timescale but at least one module in design has a timescale.
WARNING: [XSIM 43-4099] "C:/Users/91629/Desktop/mmu/project/project_5/project_5.srcs/sources_1/imports/rtl/sv32_table_walk.v" Line 22. Module sv32_table_walk_default doesn't have a timescale but at least one module in design has a timescale.
WARNING: [XSIM 43-4099] "C:/Users/91629/Desktop/mmu/project/project_5/project_5.srcs/sources_1/imports/rtl/tag_ram.v" Line 1. Module tag_ram_default doesn't have a timescale but at least one module in design has a timescale.
WARNING: [XSIM 43-4099] "C:/Users/91629/Desktop/mmu/project/project_5/project_5.srcs/sources_1/imports/rtl/tag_ram.v" Line 1. Module tag_ram_default doesn't have a timescale but at least one module in design has a timescale.
WARNING: [XSIM 43-4099] "C:/Users/91629/Desktop/mmu/project/project_5/project_5.srcs/sources_1/imports/rtl/sv32_translate_instruction_to_physical.v" Line 23. Module sv32_translate_instruction_to_physical_default doesn't have a timescale but at least one module in design has a timescale.
WARNING: [XSIM 43-4099] "C:/Users/91629/Desktop/mmu/project/project_5/project_5.srcs/sources_1/imports/rtl/sv32_translate_data_to_physical.v" Line 23. Module sv32_translate_data_to_physical_default doesn't have a timescale but at least one module in design has a timescale.
WARNING: [XSIM 43-4099] "C:/Users/91629/Desktop/mmu/project/project_5/project_5.srcs/sources_1/imports/rtl/sv32.v" Line 54. Module sv32_default doesn't have a timescale but at least one module in design has a timescale.
WARNING: [XSIM 43-4099] "C:/Users/91629/Desktop/mmu/project/project_5/project_5.srcs/sources_1/imports/rtl/sv32_table_walk.v" Line 22. Module sv32_table_walk_default doesn't have a timescale but at least one module in design has a timescale.
WARNING: [XSIM 43-4099] "C:/Users/91629/Desktop/mmu/project/project_5/project_5.srcs/sources_1/imports/rtl/tag_ram.v" Line 1. Module tag_ram_default doesn't have a timescale but at least one module in design has a timescale.
WARNING: [XSIM 43-4099] "C:/Users/91629/Desktop/mmu/project/project_5/project_5.srcs/sources_1/imports/rtl/tag_ram.v" Line 1. Module tag_ram_default doesn't have a timescale but at least one module in design has a timescale.
WARNING: [XSIM 43-4099] "C:/Users/91629/Desktop/mmu/project/project_5/project_5.srcs/sources_1/imports/rtl/sv32_translate_instruction_to_physical.v" Line 23. Module sv32_translate_instruction_to_physical_default doesn't have a timescale but at least one module in design has a timescale.
WARNING: [XSIM 43-4099] "C:/Users/91629/Desktop/mmu/project/project_5/project_5.srcs/sources_1/imports/rtl/sv32_translate_data_to_physical.v" Line 23. Module sv32_translate_data_to_physical_default doesn't have a timescale but at least one module in design has a timescale.
Completed simulation data flow analysis
Time Resolution for simulation is 1ps
Compiling module xil_defaultlib.tag_ram_default
Compiling module xil_defaultlib.sv32_table_walk_default
Compiling module xil_defaultlib.sv32_translate_instruction_to_ph...
Compiling module xil_defaultlib.sv32_translate_data_to_physical_...
Compiling module xil_defaultlib.sv32_default
Compiling module xil_defaultlib.sv32_test
Compiling module xil_defaultlib.glbl
Built simulation snapshot sv32_test_behav
INFO: [USF-XSim-69] 'elaborate' step finished in '3' seconds
INFO: [USF-XSim-4] XSim::Simulate design
INFO: [USF-XSim-61] Executing 'SIMULATE' step in 'C:/Users/91629/Desktop/mmu/project/project_5/project_5.sim/sim_1/behav/xsim'
INFO: [USF-XSim-98] *** Running xsim
   with args "sv32_test_behav -key {Behavioral:sim_1:Functional:sv32_test} -tclbatch {sv32_test.tcl} -log {simulate.log}"
INFO: [USF-XSim-8] Loading simulator feature
Time resolution is 1 ps
source sv32_test.tcl
# set curr_wave [current_wave_config]
# if { [string length $curr_wave] == 0 } {
#   if { [llength [get_objects]] > 0} {
#     add_wave /
#     set_property needs_save false [current_wave_config]
#   } else {
#      send_msg_id Add_Wave-1 WARNING "No top level signals found. Simulator will start without a wave window. If you want to open a wave window go to 'File->New Waveform Configuration' or type 'create_wave_config' in the TCL console."
#   }
# }
WARNING: [Wavedata 42-489] Can't add object "/sv32_test/mem" to the wave window because it has 2097152 bits, which exceeds the display limit of 65536 bits.  To change the display limit, use the command "set_property display_limit <new limit> [current_wave_config]".
# run 1000ns
[初始化] 页表基地址=0x00001000, satp=0x80000001
INFO: [USF-XSim-96] XSim completed. Design snapshot 'sv32_test_behav' loaded.
INFO: [USF-XSim-97] XSim simulation ran for 1000ns
launch_simulation: Time (s): cpu = 00:00:01 ; elapsed = 00:00:06 . Memory (MB): peak = 2376.613 ; gain = 0.000
# 设置仿真参数
set_property display_limit 65536 [current_wave_config]
# 添加关键信号到波形
add_wave /
WARNING: [Wavedata 42-489] Can't add object "/sv32_test/mem" to the wave window because it has 2097152 bits, which exceeds the display limit of 65536 bits.  To change the display limit, use the command "set_property display_limit <new limit> [current_wave_config]".
/sv32_test/clk /sv32_test/resetn /sv32_test/i /sv32_test/miss_before /sv32_test/miss_after /sv32_test/miss_hot /sv32_test/miss_cold /sv32_test/cpu_valid /sv32_test/cpu_ready /sv32_test/cpu_wstrb /sv32_test/cpu_addr /sv32_test/cpu_wdata /sv32_test/cpu_rdata /sv32_test/mem_valid /sv32_test/mem_ready /sv32_test/mem_wstrb /sv32_test/mem_addr /sv32_test/mem_wdata /sv32_test/mem_rdata /sv32_test/is_instruction /sv32_test/tlb_flush /sv32_test/stall /sv32_test/satp /sv32_test/mstatus /sv32_test/privilege_mode /sv32_test/fault_address /sv32_test/page_fault /sv32_test/tlb_miss_count /sv32_test/last_tlb_miss_count
add_wave /sv32_test_new/u_sv32/tlb_miss_count
ERROR: [Wavedata 42-471] Note: Nothing was found for the following items: /sv32_test_new/u_sv32/tlb_miss_count . If this is not expected, then this item might have been removed in one of the optimizations. Please elborate the design with '-deubg all' to avoid this.
ERROR: [Common 17-39] 'add_wave' failed due to earlier errors.
close_sim
INFO: [Simtcl 6-16] Simulation closed
launch_simulation
Command: launch_simulation 
INFO: [Vivado 12-12493] Simulation top is 'sv32_test'
WARNING: [Vivado 12-13340] Unable to auto find GCC executables from simulator install path! (path not set)
INFO: [Vivado 12-5682] Launching behavioral simulation in 'C:/Users/91629/Desktop/mmu/project/project_5/project_5.sim/sim_1/behav/xsim'
INFO: [SIM-utils-51] Simulation object is 'sim_1'
INFO: [SIM-utils-72] Using boost library from 'D:/Xilinx/Vivado/2024.2/tps/boost_1_72_0'
INFO: [USF-XSim-7] Finding pre-compiled libraries...
INFO: [USF-XSim-11] File 'D:/Xilinx/Vivado/2024.2/data/xsim/xsim.ini' copied to run dir:'C:/Users/91629/Desktop/mmu/project/project_5/project_5.sim/sim_1/behav/xsim'
INFO: [SIM-utils-54] Inspecting design source files for 'sv32_test' in fileset 'sim_1'...
INFO: [SIM-utils-43] Exported 'C:/Users/91629/Desktop/mmu/project/project_5/project_5.sim/sim_1/behav/xsim/blk_mem_gen_0.mif'
WARNING: [SIM-utils-42] Failed to copy file 'C:/Users/91629/Desktop/mmu/project/project_5/project_5.ip_user_files/mem_init_files/init.coe' to 'C:/Users/91629/Desktop/mmu/project/project_5/project_5.sim/sim_1/behav/xsim' : error copying "C:/Users/91629/Desktop/mmu/project/project_5/project_5.ip_user_files/mem_init_files/init.coe": no such file or directory
INFO: [USF-XSim-97] Finding global include files...
INFO: [USF-XSim-98] Fetching design files from 'sim_1'...
INFO: [USF-XSim-2] XSim::Compile design
INFO: [USF-XSim-61] Executing 'COMPILE and ANALYZE' step in 'C:/Users/91629/Desktop/mmu/project/project_5/project_5.sim/sim_1/behav/xsim'
"xvlog --incr --relax -prj sv32_test_vlog.prj"
INFO: [VRFC 10-2263] Analyzing Verilog file "C:/Users/91629/Desktop/mmu/project/project_5/project_5.srcs/sources_1/imports/rtl/sv32.v" into library xil_defaultlib
INFO: [VRFC 10-311] analyzing module sv32
INFO: [VRFC 10-2263] Analyzing Verilog file "C:/Users/91629/Desktop/mmu/project/project_5/project_5.srcs/sources_1/imports/rtl/sv32_table_walk.v" into library xil_defaultlib
INFO: [VRFC 10-311] analyzing module sv32_table_walk
WARNING: [VRFC 10-8374] loop variable declaration is not allowed in this mode of Verilog [C:/Users/91629/Desktop/mmu/project/project_5/project_5.srcs/sources_1/imports/rtl/sv32_table_walk.v:113]
INFO: [VRFC 10-2263] Analyzing Verilog file "C:/Users/91629/Desktop/mmu/project/project_5/project_5.srcs/sources_1/imports/rtl/sv32_translate_data_to_physical.v" into library xil_defaultlib
INFO: [VRFC 10-311] analyzing module sv32_translate_data_to_physical
INFO: [VRFC 10-2263] Analyzing Verilog file "C:/Users/91629/Desktop/mmu/project/project_5/project_5.srcs/sources_1/imports/rtl/sv32_translate_instruction_to_physical.v" into library xil_defaultlib
INFO: [VRFC 10-311] analyzing module sv32_translate_instruction_to_physical
INFO: [VRFC 10-2263] Analyzing Verilog file "C:/Users/91629/Desktop/mmu/project/project_5/project_5.srcs/sources_1/imports/rtl/tag_ram.v" into library xil_defaultlib
INFO: [VRFC 10-311] analyzing module tag_ram
INFO: [VRFC 10-2263] Analyzing Verilog file "C:/Users/91629/Desktop/mmu/project/project_5/project_5.srcs/sources_1/imports/tb/sv32_test.v" into library xil_defaultlib
INFO: [VRFC 10-311] analyzing module sv32_test
INFO: [USF-XSim-69] 'compile' step finished in '2' seconds
INFO: [USF-XSim-3] XSim::Elaborate design
INFO: [USF-XSim-61] Executing 'ELABORATE' step in 'C:/Users/91629/Desktop/mmu/project/project_5/project_5.sim/sim_1/behav/xsim'
"xelab --incr --debug typical --relax --mt 2 -L xil_defaultlib -L unisims_ver -L unimacro_ver -L secureip -L xpm --snapshot sv32_test_behav xil_defaultlib.sv32_test xil_defaultlib.glbl -log elaborate.log"
Vivado Simulator v2024.2.0
Copyright 1986-2022 Xilinx, Inc. All Rights Reserved.
Copyright 2022-2024 Advanced Micro Devices, Inc. All Rights Reserved.
Running: D:/Xilinx/Vivado/2024.2/bin/unwrapped/win64.o/xelab.exe --incr --debug typical --relax --mt 2 -L xil_defaultlib -L unisims_ver -L unimacro_ver -L secureip -L xpm --snapshot sv32_test_behav xil_defaultlib.sv32_test xil_defaultlib.glbl -log elaborate.log 
Using 2 slave threads.
Starting static elaboration
Pass Through NonSizing Optimizer
Completed static elaboration
Starting simulation data flow analysis
WARNING: [XSIM 43-4099] "C:/Users/91629/Desktop/mmu/project/project_5/project_5.srcs/sources_1/imports/rtl/sv32.v" Line 54. Module sv32_default doesn't have a timescale but at least one module in design has a timescale.
WARNING: [XSIM 43-4099] "C:/Users/91629/Desktop/mmu/project/project_5/project_5.srcs/sources_1/imports/rtl/sv32_table_walk.v" Line 22. Module sv32_table_walk_default doesn't have a timescale but at least one module in design has a timescale.
WARNING: [XSIM 43-4099] "C:/Users/91629/Desktop/mmu/project/project_5/project_5.srcs/sources_1/imports/rtl/tag_ram.v" Line 1. Module tag_ram_default doesn't have a timescale but at least one module in design has a timescale.
WARNING: [XSIM 43-4099] "C:/Users/91629/Desktop/mmu/project/project_5/project_5.srcs/sources_1/imports/rtl/tag_ram.v" Line 1. Module tag_ram_default doesn't have a timescale but at least one module in design has a timescale.
WARNING: [XSIM 43-4099] "C:/Users/91629/Desktop/mmu/project/project_5/project_5.srcs/sources_1/imports/rtl/sv32_translate_instruction_to_physical.v" Line 23. Module sv32_translate_instruction_to_physical_default doesn't have a timescale but at least one module in design has a timescale.
WARNING: [XSIM 43-4099] "C:/Users/91629/Desktop/mmu/project/project_5/project_5.srcs/sources_1/imports/rtl/sv32_translate_data_to_physical.v" Line 23. Module sv32_translate_data_to_physical_default doesn't have a timescale but at least one module in design has a timescale.
WARNING: [XSIM 43-4099] "C:/Users/91629/Desktop/mmu/project/project_5/project_5.srcs/sources_1/imports/rtl/sv32.v" Line 54. Module sv32_default doesn't have a timescale but at least one module in design has a timescale.
WARNING: [XSIM 43-4099] "C:/Users/91629/Desktop/mmu/project/project_5/project_5.srcs/sources_1/imports/rtl/sv32_table_walk.v" Line 22. Module sv32_table_walk_default doesn't have a timescale but at least one module in design has a timescale.
WARNING: [XSIM 43-4099] "C:/Users/91629/Desktop/mmu/project/project_5/project_5.srcs/sources_1/imports/rtl/tag_ram.v" Line 1. Module tag_ram_default doesn't have a timescale but at least one module in design has a timescale.
WARNING: [XSIM 43-4099] "C:/Users/91629/Desktop/mmu/project/project_5/project_5.srcs/sources_1/imports/rtl/tag_ram.v" Line 1. Module tag_ram_default doesn't have a timescale but at least one module in design has a timescale.
WARNING: [XSIM 43-4099] "C:/Users/91629/Desktop/mmu/project/project_5/project_5.srcs/sources_1/imports/rtl/sv32_translate_instruction_to_physical.v" Line 23. Module sv32_translate_instruction_to_physical_default doesn't have a timescale but at least one module in design has a timescale.
WARNING: [XSIM 43-4099] "C:/Users/91629/Desktop/mmu/project/project_5/project_5.srcs/sources_1/imports/rtl/sv32_translate_data_to_physical.v" Line 23. Module sv32_translate_data_to_physical_default doesn't have a timescale but at least one module in design has a timescale.
Completed simulation data flow analysis
Time Resolution for simulation is 1ps
Compiling module xil_defaultlib.tag_ram_default
Compiling module xil_defaultlib.sv32_table_walk_default
Compiling module xil_defaultlib.sv32_translate_instruction_to_ph...
Compiling module xil_defaultlib.sv32_translate_data_to_physical_...
Compiling module xil_defaultlib.sv32_default
Compiling module xil_defaultlib.sv32_test
Compiling module xil_defaultlib.glbl
Built simulation snapshot sv32_test_behav
INFO: [USF-XSim-69] 'elaborate' step finished in '3' seconds
INFO: [USF-XSim-4] XSim::Simulate design
INFO: [USF-XSim-61] Executing 'SIMULATE' step in 'C:/Users/91629/Desktop/mmu/project/project_5/project_5.sim/sim_1/behav/xsim'
INFO: [USF-XSim-98] *** Running xsim
   with args "sv32_test_behav -key {Behavioral:sim_1:Functional:sv32_test} -tclbatch {sv32_test.tcl} -log {simulate.log}"
INFO: [USF-XSim-8] Loading simulator feature
Time resolution is 1 ps
source sv32_test.tcl
# set curr_wave [current_wave_config]
# if { [string length $curr_wave] == 0 } {
#   if { [llength [get_objects]] > 0} {
#     add_wave /
#     set_property needs_save false [current_wave_config]
#   } else {
#      send_msg_id Add_Wave-1 WARNING "No top level signals found. Simulator will start without a wave window. If you want to open a wave window go to 'File->New Waveform Configuration' or type 'create_wave_config' in the TCL console."
#   }
# }
WARNING: [Wavedata 42-489] Can't add object "/sv32_test/mem" to the wave window because it has 2097152 bits, which exceeds the display limit of 65536 bits.  To change the display limit, use the command "set_property display_limit <new limit> [current_wave_config]".
# run 1000ns
[初始化] 页表基地址=0x00001000, satp=0x80000001
INFO: [USF-XSim-96] XSim completed. Design snapshot 'sv32_test_behav' loaded.
INFO: [USF-XSim-97] XSim simulation ran for 1000ns
launch_simulation: Time (s): cpu = 00:00:00 ; elapsed = 00:00:06 . Memory (MB): peak = 2376.613 ; gain = 0.000
close_sim
INFO: [Simtcl 6-16] Simulation closed
launch_simulation
Command: launch_simulation 
INFO: [Vivado 12-12493] Simulation top is 'sv32_test'
WARNING: [Vivado 12-13340] Unable to auto find GCC executables from simulator install path! (path not set)
INFO: [Vivado 12-5682] Launching behavioral simulation in 'C:/Users/91629/Desktop/mmu/project/project_5/project_5.sim/sim_1/behav/xsim'
INFO: [SIM-utils-51] Simulation object is 'sim_1'
INFO: [SIM-utils-72] Using boost library from 'D:/Xilinx/Vivado/2024.2/tps/boost_1_72_0'
INFO: [USF-XSim-7] Finding pre-compiled libraries...
INFO: [USF-XSim-11] File 'D:/Xilinx/Vivado/2024.2/data/xsim/xsim.ini' copied to run dir:'C:/Users/91629/Desktop/mmu/project/project_5/project_5.sim/sim_1/behav/xsim'
INFO: [SIM-utils-54] Inspecting design source files for 'sv32_test' in fileset 'sim_1'...
INFO: [SIM-utils-43] Exported 'C:/Users/91629/Desktop/mmu/project/project_5/project_5.sim/sim_1/behav/xsim/blk_mem_gen_0.mif'
WARNING: [SIM-utils-42] Failed to copy file 'C:/Users/91629/Desktop/mmu/project/project_5/project_5.ip_user_files/mem_init_files/init.coe' to 'C:/Users/91629/Desktop/mmu/project/project_5/project_5.sim/sim_1/behav/xsim' : error copying "C:/Users/91629/Desktop/mmu/project/project_5/project_5.ip_user_files/mem_init_files/init.coe": no such file or directory
INFO: [USF-XSim-97] Finding global include files...
INFO: [USF-XSim-98] Fetching design files from 'sim_1'...
INFO: [USF-XSim-2] XSim::Compile design
INFO: [USF-XSim-61] Executing 'COMPILE and ANALYZE' step in 'C:/Users/91629/Desktop/mmu/project/project_5/project_5.sim/sim_1/behav/xsim'
"xvlog --incr --relax -prj sv32_test_vlog.prj"
INFO: [VRFC 10-2263] Analyzing Verilog file "C:/Users/91629/Desktop/mmu/project/project_5/project_5.srcs/sources_1/imports/rtl/sv32.v" into library xil_defaultlib
INFO: [VRFC 10-311] analyzing module sv32
INFO: [VRFC 10-2263] Analyzing Verilog file "C:/Users/91629/Desktop/mmu/project/project_5/project_5.srcs/sources_1/imports/rtl/sv32_table_walk.v" into library xil_defaultlib
INFO: [VRFC 10-311] analyzing module sv32_table_walk
WARNING: [VRFC 10-8374] loop variable declaration is not allowed in this mode of Verilog [C:/Users/91629/Desktop/mmu/project/project_5/project_5.srcs/sources_1/imports/rtl/sv32_table_walk.v:113]
INFO: [VRFC 10-2263] Analyzing Verilog file "C:/Users/91629/Desktop/mmu/project/project_5/project_5.srcs/sources_1/imports/rtl/sv32_translate_data_to_physical.v" into library xil_defaultlib
INFO: [VRFC 10-311] analyzing module sv32_translate_data_to_physical
INFO: [VRFC 10-2263] Analyzing Verilog file "C:/Users/91629/Desktop/mmu/project/project_5/project_5.srcs/sources_1/imports/rtl/sv32_translate_instruction_to_physical.v" into library xil_defaultlib
INFO: [VRFC 10-311] analyzing module sv32_translate_instruction_to_physical
INFO: [VRFC 10-2263] Analyzing Verilog file "C:/Users/91629/Desktop/mmu/project/project_5/project_5.srcs/sources_1/imports/rtl/tag_ram.v" into library xil_defaultlib
INFO: [VRFC 10-311] analyzing module tag_ram
INFO: [VRFC 10-2263] Analyzing Verilog file "C:/Users/91629/Desktop/mmu/project/project_5/project_5.srcs/sources_1/imports/tb/sv32_test.v" into library xil_defaultlib
INFO: [VRFC 10-311] analyzing module sv32_test
INFO: [USF-XSim-69] 'compile' step finished in '2' seconds
INFO: [USF-XSim-3] XSim::Elaborate design
INFO: [USF-XSim-61] Executing 'ELABORATE' step in 'C:/Users/91629/Desktop/mmu/project/project_5/project_5.sim/sim_1/behav/xsim'
"xelab --incr --debug typical --relax --mt 2 -L xil_defaultlib -L unisims_ver -L unimacro_ver -L secureip -L xpm --snapshot sv32_test_behav xil_defaultlib.sv32_test xil_defaultlib.glbl -log elaborate.log"
Vivado Simulator v2024.2.0
Copyright 1986-2022 Xilinx, Inc. All Rights Reserved.
Copyright 2022-2024 Advanced Micro Devices, Inc. All Rights Reserved.
Running: D:/Xilinx/Vivado/2024.2/bin/unwrapped/win64.o/xelab.exe --incr --debug typical --relax --mt 2 -L xil_defaultlib -L unisims_ver -L unimacro_ver -L secureip -L xpm --snapshot sv32_test_behav xil_defaultlib.sv32_test xil_defaultlib.glbl -log elaborate.log 
Using 2 slave threads.
Starting static elaboration
Pass Through NonSizing Optimizer
Completed static elaboration
Starting simulation data flow analysis
WARNING: [XSIM 43-4099] "C:/Users/91629/Desktop/mmu/project/project_5/project_5.srcs/sources_1/imports/rtl/sv32.v" Line 54. Module sv32_default doesn't have a timescale but at least one module in design has a timescale.
WARNING: [XSIM 43-4099] "C:/Users/91629/Desktop/mmu/project/project_5/project_5.srcs/sources_1/imports/rtl/sv32_table_walk.v" Line 22. Module sv32_table_walk_default doesn't have a timescale but at least one module in design has a timescale.
WARNING: [XSIM 43-4099] "C:/Users/91629/Desktop/mmu/project/project_5/project_5.srcs/sources_1/imports/rtl/tag_ram.v" Line 1. Module tag_ram_default doesn't have a timescale but at least one module in design has a timescale.
WARNING: [XSIM 43-4099] "C:/Users/91629/Desktop/mmu/project/project_5/project_5.srcs/sources_1/imports/rtl/tag_ram.v" Line 1. Module tag_ram_default doesn't have a timescale but at least one module in design has a timescale.
WARNING: [XSIM 43-4099] "C:/Users/91629/Desktop/mmu/project/project_5/project_5.srcs/sources_1/imports/rtl/sv32_translate_instruction_to_physical.v" Line 23. Module sv32_translate_instruction_to_physical_default doesn't have a timescale but at least one module in design has a timescale.
WARNING: [XSIM 43-4099] "C:/Users/91629/Desktop/mmu/project/project_5/project_5.srcs/sources_1/imports/rtl/sv32_translate_data_to_physical.v" Line 23. Module sv32_translate_data_to_physical_default doesn't have a timescale but at least one module in design has a timescale.
WARNING: [XSIM 43-4099] "C:/Users/91629/Desktop/mmu/project/project_5/project_5.srcs/sources_1/imports/rtl/sv32.v" Line 54. Module sv32_default doesn't have a timescale but at least one module in design has a timescale.
WARNING: [XSIM 43-4099] "C:/Users/91629/Desktop/mmu/project/project_5/project_5.srcs/sources_1/imports/rtl/sv32_table_walk.v" Line 22. Module sv32_table_walk_default doesn't have a timescale but at least one module in design has a timescale.
WARNING: [XSIM 43-4099] "C:/Users/91629/Desktop/mmu/project/project_5/project_5.srcs/sources_1/imports/rtl/tag_ram.v" Line 1. Module tag_ram_default doesn't have a timescale but at least one module in design has a timescale.
WARNING: [XSIM 43-4099] "C:/Users/91629/Desktop/mmu/project/project_5/project_5.srcs/sources_1/imports/rtl/tag_ram.v" Line 1. Module tag_ram_default doesn't have a timescale but at least one module in design has a timescale.
WARNING: [XSIM 43-4099] "C:/Users/91629/Desktop/mmu/project/project_5/project_5.srcs/sources_1/imports/rtl/sv32_translate_instruction_to_physical.v" Line 23. Module sv32_translate_instruction_to_physical_default doesn't have a timescale but at least one module in design has a timescale.
WARNING: [XSIM 43-4099] "C:/Users/91629/Desktop/mmu/project/project_5/project_5.srcs/sources_1/imports/rtl/sv32_translate_data_to_physical.v" Line 23. Module sv32_translate_data_to_physical_default doesn't have a timescale but at least one module in design has a timescale.
Completed simulation data flow analysis
Time Resolution for simulation is 1ps
Compiling module xil_defaultlib.tag_ram_default
Compiling module xil_defaultlib.sv32_table_walk_default
Compiling module xil_defaultlib.sv32_translate_instruction_to_ph...
Compiling module xil_defaultlib.sv32_translate_data_to_physical_...
Compiling module xil_defaultlib.sv32_default
Compiling module xil_defaultlib.sv32_test
Compiling module xil_defaultlib.glbl
Built simulation snapshot sv32_test_behav
run_program: Time (s): cpu = 00:00:00 ; elapsed = 00:00:05 . Memory (MB): peak = 2376.613 ; gain = 0.000
INFO: [USF-XSim-69] 'elaborate' step finished in '5' seconds
INFO: [USF-XSim-4] XSim::Simulate design
INFO: [USF-XSim-61] Executing 'SIMULATE' step in 'C:/Users/91629/Desktop/mmu/project/project_5/project_5.sim/sim_1/behav/xsim'
INFO: [USF-XSim-98] *** Running xsim
   with args "sv32_test_behav -key {Behavioral:sim_1:Functional:sv32_test} -tclbatch {sv32_test.tcl} -log {simulate.log}"
INFO: [USF-XSim-8] Loading simulator feature
Time resolution is 1 ps
source sv32_test.tcl
# set curr_wave [current_wave_config]
# if { [string length $curr_wave] == 0 } {
#   if { [llength [get_objects]] > 0} {
#     add_wave /
#     set_property needs_save false [current_wave_config]
#   } else {
#      send_msg_id Add_Wave-1 WARNING "No top level signals found. Simulator will start without a wave window. If you want to open a wave window go to 'File->New Waveform Configuration' or type 'create_wave_config' in the TCL console."
#   }
# }
# run 1000ns
[初始化] 页表基地址=0x00001000, satp=0x80000001
INFO: [USF-XSim-96] XSim completed. Design snapshot 'sv32_test_behav' loaded.
INFO: [USF-XSim-97] XSim simulation ran for 1000ns
launch_simulation: Time (s): cpu = 00:00:01 ; elapsed = 00:00:10 . Memory (MB): peak = 2376.613 ; gain = 0.000
run 10us
close_sim
INFO: [Simtcl 6-16] Simulation closed
launch_simulation
Command: launch_simulation 
INFO: [Vivado 12-12493] Simulation top is 'sv32_test'
WARNING: [Vivado 12-13340] Unable to auto find GCC executables from simulator install path! (path not set)
INFO: [Vivado 12-5682] Launching behavioral simulation in 'C:/Users/91629/Desktop/mmu/project/project_5/project_5.sim/sim_1/behav/xsim'
INFO: [SIM-utils-51] Simulation object is 'sim_1'
INFO: [SIM-utils-72] Using boost library from 'D:/Xilinx/Vivado/2024.2/tps/boost_1_72_0'
INFO: [USF-XSim-7] Finding pre-compiled libraries...
INFO: [USF-XSim-11] File 'D:/Xilinx/Vivado/2024.2/data/xsim/xsim.ini' copied to run dir:'C:/Users/91629/Desktop/mmu/project/project_5/project_5.sim/sim_1/behav/xsim'
INFO: [SIM-utils-54] Inspecting design source files for 'sv32_test' in fileset 'sim_1'...
INFO: [SIM-utils-43] Exported 'C:/Users/91629/Desktop/mmu/project/project_5/project_5.sim/sim_1/behav/xsim/blk_mem_gen_0.mif'
WARNING: [SIM-utils-42] Failed to copy file 'C:/Users/91629/Desktop/mmu/project/project_5/project_5.ip_user_files/mem_init_files/init.coe' to 'C:/Users/91629/Desktop/mmu/project/project_5/project_5.sim/sim_1/behav/xsim' : error copying "C:/Users/91629/Desktop/mmu/project/project_5/project_5.ip_user_files/mem_init_files/init.coe": no such file or directory
INFO: [USF-XSim-97] Finding global include files...
INFO: [USF-XSim-98] Fetching design files from 'sim_1'...
INFO: [USF-XSim-2] XSim::Compile design
INFO: [USF-XSim-61] Executing 'COMPILE and ANALYZE' step in 'C:/Users/91629/Desktop/mmu/project/project_5/project_5.sim/sim_1/behav/xsim'
"xvlog --incr --relax -prj sv32_test_vlog.prj"
INFO: [USF-XSim-69] 'compile' step finished in '1' seconds
INFO: [USF-XSim-3] XSim::Elaborate design
INFO: [USF-XSim-61] Executing 'ELABORATE' step in 'C:/Users/91629/Desktop/mmu/project/project_5/project_5.sim/sim_1/behav/xsim'
"xelab --incr --debug typical --relax --mt 2 -L xil_defaultlib -L unisims_ver -L unimacro_ver -L secureip -L xpm --snapshot sv32_test_behav xil_defaultlib.sv32_test xil_defaultlib.glbl -log elaborate.log"
Vivado Simulator v2024.2.0
Copyright 1986-2022 Xilinx, Inc. All Rights Reserved.
Copyright 2022-2024 Advanced Micro Devices, Inc. All Rights Reserved.
Running: D:/Xilinx/Vivado/2024.2/bin/unwrapped/win64.o/xelab.exe --incr --debug typical --relax --mt 2 -L xil_defaultlib -L unisims_ver -L unimacro_ver -L secureip -L xpm --snapshot sv32_test_behav xil_defaultlib.sv32_test xil_defaultlib.glbl -log elaborate.log 
Using 2 slave threads.
Starting static elaboration
Pass Through NonSizing Optimizer
Completed static elaboration
INFO: [XSIM 43-4323] No Change in HDL. Linking previously generated obj files to create kernel
INFO: [USF-XSim-69] 'elaborate' step finished in '2' seconds
INFO: [USF-XSim-4] XSim::Simulate design
INFO: [USF-XSim-61] Executing 'SIMULATE' step in 'C:/Users/91629/Desktop/mmu/project/project_5/project_5.sim/sim_1/behav/xsim'
INFO: [USF-XSim-98] *** Running xsim
   with args "sv32_test_behav -key {Behavioral:sim_1:Functional:sv32_test} -tclbatch {sv32_test.tcl} -log {simulate.log}"
INFO: [USF-XSim-8] Loading simulator feature
Time resolution is 1 ps
source sv32_test.tcl
# set curr_wave [current_wave_config]
# if { [string length $curr_wave] == 0 } {
#   if { [llength [get_objects]] > 0} {
#     add_wave /
#     set_property needs_save false [current_wave_config]
#   } else {
#      send_msg_id Add_Wave-1 WARNING "No top level signals found. Simulator will start without a wave window. If you want to open a wave window go to 'File->New Waveform Configuration' or type 'create_wave_config' in the TCL console."
#   }
# }
# run 1000ns
[初始化] 页表基地址=0x00001000, satp=0x80000001
INFO: [USF-XSim-96] XSim completed. Design snapshot 'sv32_test_behav' loaded.
INFO: [USF-XSim-97] XSim simulation ran for 1000ns
launch_simulation: Time (s): cpu = 00:00:01 ; elapsed = 00:00:05 . Memory (MB): peak = 2376.613 ; gain = 0.000
source sv32_test.tcl
couldn't read file "sv32_test.tcl": no such file or directory
close_sim
INFO: [Simtcl 6-16] Simulation closed
launch_simulation
Command: launch_simulation 
INFO: [Vivado 12-12493] Simulation top is 'sv32_test'
WARNING: [Vivado 12-13340] Unable to auto find GCC executables from simulator install path! (path not set)
INFO: [Vivado 12-5682] Launching behavioral simulation in 'C:/Users/91629/Desktop/mmu/project/project_5/project_5.sim/sim_1/behav/xsim'
INFO: [SIM-utils-51] Simulation object is 'sim_1'
INFO: [SIM-utils-72] Using boost library from 'D:/Xilinx/Vivado/2024.2/tps/boost_1_72_0'
INFO: [USF-XSim-7] Finding pre-compiled libraries...
INFO: [USF-XSim-11] File 'D:/Xilinx/Vivado/2024.2/data/xsim/xsim.ini' copied to run dir:'C:/Users/91629/Desktop/mmu/project/project_5/project_5.sim/sim_1/behav/xsim'
INFO: [SIM-utils-54] Inspecting design source files for 'sv32_test' in fileset 'sim_1'...
INFO: [SIM-utils-43] Exported 'C:/Users/91629/Desktop/mmu/project/project_5/project_5.sim/sim_1/behav/xsim/blk_mem_gen_0.mif'
WARNING: [SIM-utils-42] Failed to copy file 'C:/Users/91629/Desktop/mmu/project/project_5/project_5.ip_user_files/mem_init_files/init.coe' to 'C:/Users/91629/Desktop/mmu/project/project_5/project_5.sim/sim_1/behav/xsim' : error copying "C:/Users/91629/Desktop/mmu/project/project_5/project_5.ip_user_files/mem_init_files/init.coe": no such file or directory
INFO: [USF-XSim-97] Finding global include files...
INFO: [USF-XSim-98] Fetching design files from 'sim_1'...
INFO: [USF-XSim-2] XSim::Compile design
INFO: [USF-XSim-61] Executing 'COMPILE and ANALYZE' step in 'C:/Users/91629/Desktop/mmu/project/project_5/project_5.sim/sim_1/behav/xsim'
"xvlog --incr --relax -prj sv32_test_vlog.prj"
INFO: [VRFC 10-2263] Analyzing Verilog file "C:/Users/91629/Desktop/mmu/project/project_5/project_5.srcs/sources_1/imports/rtl/sv32.v" into library xil_defaultlib
INFO: [VRFC 10-311] analyzing module sv32
INFO: [VRFC 10-2263] Analyzing Verilog file "C:/Users/91629/Desktop/mmu/project/project_5/project_5.srcs/sources_1/imports/rtl/sv32_table_walk.v" into library xil_defaultlib
INFO: [VRFC 10-311] analyzing module sv32_table_walk
WARNING: [VRFC 10-8374] loop variable declaration is not allowed in this mode of Verilog [C:/Users/91629/Desktop/mmu/project/project_5/project_5.srcs/sources_1/imports/rtl/sv32_table_walk.v:113]
INFO: [VRFC 10-2263] Analyzing Verilog file "C:/Users/91629/Desktop/mmu/project/project_5/project_5.srcs/sources_1/imports/rtl/sv32_translate_data_to_physical.v" into library xil_defaultlib
INFO: [VRFC 10-311] analyzing module sv32_translate_data_to_physical
INFO: [VRFC 10-2263] Analyzing Verilog file "C:/Users/91629/Desktop/mmu/project/project_5/project_5.srcs/sources_1/imports/rtl/sv32_translate_instruction_to_physical.v" into library xil_defaultlib
INFO: [VRFC 10-311] analyzing module sv32_translate_instruction_to_physical
INFO: [VRFC 10-2263] Analyzing Verilog file "C:/Users/91629/Desktop/mmu/project/project_5/project_5.srcs/sources_1/imports/rtl/tag_ram.v" into library xil_defaultlib
INFO: [VRFC 10-311] analyzing module tag_ram
INFO: [VRFC 10-2263] Analyzing Verilog file "C:/Users/91629/Desktop/mmu/project/project_5/project_5.srcs/sources_1/imports/tb/sv32_test.v" into library xil_defaultlib
INFO: [VRFC 10-311] analyzing module sv32_test
WARNING: [VRFC 10-8374] loop variable declaration is not allowed in this mode of Verilog [C:/Users/91629/Desktop/mmu/project/project_5/project_5.srcs/sources_1/imports/tb/sv32_test.v:134]
INFO: [USF-XSim-69] 'compile' step finished in '2' seconds
INFO: [USF-XSim-3] XSim::Elaborate design
INFO: [USF-XSim-61] Executing 'ELABORATE' step in 'C:/Users/91629/Desktop/mmu/project/project_5/project_5.sim/sim_1/behav/xsim'
"xelab --incr --debug typical --relax --mt 2 -L xil_defaultlib -L unisims_ver -L unimacro_ver -L secureip -L xpm --snapshot sv32_test_behav xil_defaultlib.sv32_test xil_defaultlib.glbl -log elaborate.log"
Vivado Simulator v2024.2.0
Copyright 1986-2022 Xilinx, Inc. All Rights Reserved.
Copyright 2022-2024 Advanced Micro Devices, Inc. All Rights Reserved.
Running: D:/Xilinx/Vivado/2024.2/bin/unwrapped/win64.o/xelab.exe --incr --debug typical --relax --mt 2 -L xil_defaultlib -L unisims_ver -L unimacro_ver -L secureip -L xpm --snapshot sv32_test_behav xil_defaultlib.sv32_test xil_defaultlib.glbl -log elaborate.log 
Using 2 slave threads.
Starting static elaboration
Pass Through NonSizing Optimizer
Completed static elaboration
Starting simulation data flow analysis
WARNING: [XSIM 43-4099] "C:/Users/91629/Desktop/mmu/project/project_5/project_5.srcs/sources_1/imports/rtl/sv32.v" Line 54. Module sv32_default doesn't have a timescale but at least one module in design has a timescale.
WARNING: [XSIM 43-4099] "C:/Users/91629/Desktop/mmu/project/project_5/project_5.srcs/sources_1/imports/rtl/sv32_table_walk.v" Line 22. Module sv32_table_walk_default doesn't have a timescale but at least one module in design has a timescale.
WARNING: [XSIM 43-4099] "C:/Users/91629/Desktop/mmu/project/project_5/project_5.srcs/sources_1/imports/rtl/tag_ram.v" Line 1. Module tag_ram_default doesn't have a timescale but at least one module in design has a timescale.
WARNING: [XSIM 43-4099] "C:/Users/91629/Desktop/mmu/project/project_5/project_5.srcs/sources_1/imports/rtl/tag_ram.v" Line 1. Module tag_ram_default doesn't have a timescale but at least one module in design has a timescale.
WARNING: [XSIM 43-4099] "C:/Users/91629/Desktop/mmu/project/project_5/project_5.srcs/sources_1/imports/rtl/sv32_translate_instruction_to_physical.v" Line 23. Module sv32_translate_instruction_to_physical_default doesn't have a timescale but at least one module in design has a timescale.
WARNING: [XSIM 43-4099] "C:/Users/91629/Desktop/mmu/project/project_5/project_5.srcs/sources_1/imports/rtl/sv32_translate_data_to_physical.v" Line 23. Module sv32_translate_data_to_physical_default doesn't have a timescale but at least one module in design has a timescale.
WARNING: [XSIM 43-4099] "C:/Users/91629/Desktop/mmu/project/project_5/project_5.srcs/sources_1/imports/rtl/sv32.v" Line 54. Module sv32_default doesn't have a timescale but at least one module in design has a timescale.
WARNING: [XSIM 43-4099] "C:/Users/91629/Desktop/mmu/project/project_5/project_5.srcs/sources_1/imports/rtl/sv32_table_walk.v" Line 22. Module sv32_table_walk_default doesn't have a timescale but at least one module in design has a timescale.
WARNING: [XSIM 43-4099] "C:/Users/91629/Desktop/mmu/project/project_5/project_5.srcs/sources_1/imports/rtl/tag_ram.v" Line 1. Module tag_ram_default doesn't have a timescale but at least one module in design has a timescale.
WARNING: [XSIM 43-4099] "C:/Users/91629/Desktop/mmu/project/project_5/project_5.srcs/sources_1/imports/rtl/tag_ram.v" Line 1. Module tag_ram_default doesn't have a timescale but at least one module in design has a timescale.
WARNING: [XSIM 43-4099] "C:/Users/91629/Desktop/mmu/project/project_5/project_5.srcs/sources_1/imports/rtl/sv32_translate_instruction_to_physical.v" Line 23. Module sv32_translate_instruction_to_physical_default doesn't have a timescale but at least one module in design has a timescale.
WARNING: [XSIM 43-4099] "C:/Users/91629/Desktop/mmu/project/project_5/project_5.srcs/sources_1/imports/rtl/sv32_translate_data_to_physical.v" Line 23. Module sv32_translate_data_to_physical_default doesn't have a timescale but at least one module in design has a timescale.
Completed simulation data flow analysis
Time Resolution for simulation is 1ps
Compiling module xil_defaultlib.tag_ram_default
Compiling module xil_defaultlib.sv32_table_walk_default
Compiling module xil_defaultlib.sv32_translate_instruction_to_ph...
Compiling module xil_defaultlib.sv32_translate_data_to_physical_...
Compiling module xil_defaultlib.sv32_default
Compiling module xil_defaultlib.sv32_test
Compiling module xil_defaultlib.glbl
Built simulation snapshot sv32_test_behav
INFO: [USF-XSim-69] 'elaborate' step finished in '2' seconds
INFO: [USF-XSim-4] XSim::Simulate design
INFO: [USF-XSim-61] Executing 'SIMULATE' step in 'C:/Users/91629/Desktop/mmu/project/project_5/project_5.sim/sim_1/behav/xsim'
INFO: [USF-XSim-98] *** Running xsim
   with args "sv32_test_behav -key {Behavioral:sim_1:Functional:sv32_test} -tclbatch {sv32_test.tcl} -log {simulate.log}"
INFO: [USF-XSim-8] Loading simulator feature
Time resolution is 1 ps
source sv32_test.tcl
# set curr_wave [current_wave_config]
# if { [string length $curr_wave] == 0 } {
#   if { [llength [get_objects]] > 0} {
#     add_wave /
#     set_property needs_save false [current_wave_config]
#   } else {
#      send_msg_id Add_Wave-1 WARNING "No top level signals found. Simulator will start without a wave window. If you want to open a wave window go to 'File->New Waveform Configuration' or type 'create_wave_config' in the TCL console."
#   }
# }
# run 1000ns
[WRITE] Addr=0x00001000, Data=0xaaaa0001
[WRITE] Addr=0x00002000, Data=0xbbbb0002

=== TLB Miss Test ===
[READ] Addr=0x00001000, Got=0xbbbb0002, Expected=0xaaaa0001
[ERROR] Data mismatch!
[READ] Addr=0x00002000, Got=0xbbbb0002, Expected=0xbbbb0002
[READ] Addr=0x00001000, Got=0xbbbb0002, Expected=0xaaaa0001
[ERROR] Data mismatch!
[RESULT] TLB Miss Count = 0

=== All tests completed ===
$finish called at time : 325 ns : File "C:/Users/91629/Desktop/mmu/project/project_5/project_5.srcs/sources_1/imports/tb/sv32_test.v" Line 157
INFO: [USF-XSim-96] XSim completed. Design snapshot 'sv32_test_behav' loaded.
INFO: [USF-XSim-97] XSim simulation ran for 1000ns
launch_simulation: Time (s): cpu = 00:00:00 ; elapsed = 00:00:07 . Memory (MB): peak = 2376.613 ; gain = 0.000
close_sim
INFO: [Simtcl 6-16] Simulation closed
exit
INFO: [Common 17-206] Exiting Vivado at Tue May  6 21:13:42 2025...
